{"D:\\gameStop\\gamestop-poc\\src\\App.js": {"path":"D:\\gameStop\\gamestop-poc\\src\\App.js","statementMap":{"0":{"start":{"line":1,"column":0},"end":{"line":null,"column":-1}},"1":{"start":{"line":2,"column":0},"end":{"line":null,"column":-1}},"2":{"start":{"line":3,"column":0},"end":{"line":null,"column":-1}},"3":{"start":{"line":4,"column":0},"end":{"line":null,"column":-1}},"4":{"start":{"line":5,"column":0},"end":{"line":null,"column":-1}},"5":{"start":{"line":6,"column":0},"end":{"line":null,"column":-1}},"6":{"start":{"line":7,"column":0},"end":{"line":null,"column":-1}},"7":{"start":{"line":9,"column":20},"end":{"line":9,"column":0}},"8":{"start":{"line":13,"column":23},"end":{"line":13,"column":0}},"9":{"start":{"line":19,"column":17},"end":{"line":19,"column":0}},"10":{"start":{"line":21,"column":16},"end":{"line":21,"column":0}},"11":{"start":{"line":30,"column":4},"end":{"line":null,"column":-1}}},"fnMap":{},"branchMap":{},"s":{"0":0,"1":0,"2":0,"3":0,"4":0,"5":0,"6":0,"7":0,"8":0,"9":0,"10":0,"11":0},"f":{},"b":{}}
,"D:\\gameStop\\gamestop-poc\\src\\index.js": {"path":"D:\\gameStop\\gamestop-poc\\src\\index.js","statementMap":{"0":{"start":{"line":1,"column":0},"end":{"line":null,"column":-1}},"1":{"start":{"line":2,"column":0},"end":{"line":null,"column":-1}},"2":{"start":{"line":3,"column":0},"end":{"line":null,"column":-1}},"3":{"start":{"line":5,"column":0},"end":{"line":null,"column":-1}},"4":{"start":{"line":6,"column":0},"end":{"line":null,"column":-1}},"5":{"start":{"line":8,"column":0},"end":{"line":null,"column":-1}},"6":{"start":{"line":9,"column":0},"end":{"line":null,"column":-1}},"7":{"start":{"line":11,"column":0},"end":{"line":null,"column":-1}},"8":{"start":{"line":30,"column":0},"end":{"line":null,"column":-1}}},"fnMap":{},"branchMap":{},"s":{"0":0,"1":0,"2":0,"3":0,"4":0,"5":0,"6":0,"7":0,"8":0},"f":{},"b":{}}
,"D:\\gameStop\\gamestop-poc\\src\\routes.js": {"path":"D:\\gameStop\\gamestop-poc\\src\\routes.js","statementMap":{"0":{"start":{"line":1,"column":0},"end":{"line":null,"column":-1}},"1":{"start":{"line":2,"column":0},"end":{"line":null,"column":-1}},"2":{"start":{"line":3,"column":0},"end":{"line":null,"column":-1}},"3":{"start":{"line":5,"column":32},"end":{"line":5,"column":31}},"4":{"start":{"line":6,"column":15},"end":{"line":6,"column":1}},"5":{"start":{"line":8,"column":1},"end":{"line":null,"column":-1}},"6":{"start":{"line":12,"column":22},"end":{"line":12,"column":7}}},"fnMap":{"0":{"name":"accessIf","decl":{"start":{"line":5,"column":9},"end":{"line":5,"column":0}},"loc":{"start":{"line":5,"column":32},"end":{"line":9,"column":1}}}},"branchMap":{"0":{"loc":{"start":{"line":8,"column":30},"end":{"line":8,"column":8}},"type":"cond-expr","locations":[{"start":{"line":8,"column":30},"end":{"line":8,"column":8}},{"start":{"line":8,"column":37},"end":{"line":8,"column":1}}]}},"s":{"0":0,"1":0,"2":0,"3":0,"4":0,"5":0,"6":0},"f":{"0":0},"b":{"0":[0,0]}}
,"D:\\gameStop\\gamestop-poc\\src\\serviceWorker.js": {"path":"D:\\gameStop\\gamestop-poc\\src\\serviceWorker.js","statementMap":{"0":{"start":{"line":13,"column":20},"end":{"line":13,"column":0}},"1":{"start":{"line":24,"column":2},"end":{"line":54,"column":3}},"2":{"start":{"line":26,"column":22},"end":{"line":26,"column":4}},"3":{"start":{"line":27,"column":4},"end":{"line":32,"column":5}},"4":{"start":{"line":31,"column":6},"end":{"line":null,"column":-1}},"5":{"start":{"line":34,"column":4},"end":{"line":null,"column":-1}},"6":{"start":{"line":35,"column":17},"end":{"line":35,"column":6}},"7":{"start":{"line":37,"column":6},"end":{"line":52,"column":7}},"8":{"start":{"line":39,"column":8},"end":{"line":37,"column":23}},"9":{"start":{"line":43,"column":8},"end":{"line":null,"column":-1}},"10":{"start":{"line":44,"column":10},"end":{"line":null,"column":-1}},"11":{"start":{"line":51,"column":8},"end":{"line":null,"column":-1}},"12":{"start":{"line":58,"column":2},"end":{"line":null,"column":-1}},"13":{"start":{"line":61,"column":6},"end":{"line":null,"column":-1}},"14":{"start":{"line":62,"column":33},"end":{"line":62,"column":8}},"15":{"start":{"line":63,"column":8},"end":{"line":65,"column":9}},"16":{"start":{"line":64,"column":10},"end":{"line":null,"column":-1}},"17":{"start":{"line":66,"column":8},"end":{"line":null,"column":-1}},"18":{"start":{"line":67,"column":10},"end":{"line":92,"column":11}},"19":{"start":{"line":68,"column":12},"end":{"line":91,"column":13}},"20":{"start":{"line":72,"column":14},"end":{"line":68,"column":52}},"21":{"start":{"line":78,"column":14},"end":{"line":80,"column":15}},"22":{"start":{"line":79,"column":16},"end":{"line":null,"column":-1}},"23":{"start":{"line":85,"column":14},"end":{"line":81,"column":19}},"24":{"start":{"line":88,"column":14},"end":{"line":90,"column":15}},"25":{"start":{"line":89,"column":16},"end":{"line":null,"column":-1}},"26":{"start":{"line":97,"column":6},"end":{"line":null,"column":-1}},"27":{"start":{"line":103,"column":2},"end":{"line":null,"column":-1}},"28":{"start":{"line":106,"column":26},"end":{"line":106,"column":6}},"29":{"start":{"line":107,"column":6},"end":{"line":120,"column":7}},"30":{"start":{"line":112,"column":8},"end":{"line":null,"column":-1}},"31":{"start":{"line":113,"column":10},"end":{"line":null,"column":-1}},"32":{"start":{"line":114,"column":12},"end":{"line":null,"column":-1}},"33":{"start":{"line":119,"column":8},"end":{"line":null,"column":-1}},"34":{"start":{"line":123,"column":6},"end":{"line":null,"column":-1}},"35":{"start":{"line":130,"column":2},"end":{"line":134,"column":3}},"36":{"start":{"line":131,"column":4},"end":{"line":null,"column":-1}},"37":{"start":{"line":132,"column":6},"end":{"line":null,"column":-1}}},"fnMap":{"0":{"name":"register","decl":{"start":{"line":23,"column":16},"end":{"line":23,"column":7}},"loc":{"start":{"line":23,"column":33},"end":{"line":55,"column":1}}},"1":{"name":"(anonymous_1)","decl":{"start":{"line":34,"column":36},"end":{"line":34,"column":41}},"loc":{"start":{"line":34,"column":42},"end":{"line":34,"column":4}}},"2":{"name":"(anonymous_2)","decl":{"start":{"line":43,"column":43},"end":{"line":43,"column":48}},"loc":{"start":{"line":43,"column":49},"end":{"line":43,"column":8}}},"3":{"name":"registerValidSW","decl":{"start":{"line":57,"column":9},"end":{"line":57,"column":0}},"loc":{"start":{"line":57,"column":40},"end":{"line":99,"column":1}}},"4":{"name":"(anonymous_4)","decl":{"start":{"line":60,"column":10},"end":{"line":60,"column":9}},"loc":{"start":{"line":60,"column":26},"end":{"line":58,"column":2}}},"5":{"name":"(anonymous_5)","decl":{"start":{"line":61,"column":35},"end":{"line":61,"column":40}},"loc":{"start":{"line":61,"column":41},"end":{"line":61,"column":6}}},"6":{"name":"(anonymous_6)","decl":{"start":{"line":66,"column":41},"end":{"line":66,"column":46}},"loc":{"start":{"line":66,"column":47},"end":{"line":66,"column":8}}},"7":{"name":"(anonymous_7)","decl":{"start":{"line":96,"column":11},"end":{"line":96,"column":10}},"loc":{"start":{"line":96,"column":20},"end":{"line":58,"column":2}}},"8":{"name":"checkValidServiceWorker","decl":{"start":{"line":101,"column":9},"end":{"line":101,"column":0}},"loc":{"start":{"line":101,"column":48},"end":{"line":127,"column":1}}},"9":{"name":"(anonymous_9)","decl":{"start":{"line":104,"column":10},"end":{"line":104,"column":9}},"loc":{"start":{"line":104,"column":22},"end":{"line":103,"column":2}}},"10":{"name":"(anonymous_10)","decl":{"start":{"line":112,"column":43},"end":{"line":112,"column":42}},"loc":{"start":{"line":112,"column":59},"end":{"line":112,"column":8}}},"11":{"name":"(anonymous_11)","decl":{"start":{"line":113,"column":41},"end":{"line":113,"column":46}},"loc":{"start":{"line":113,"column":47},"end":{"line":113,"column":10}}},"12":{"name":"(anonymous_12)","decl":{"start":{"line":122,"column":11},"end":{"line":122,"column":16}},"loc":{"start":{"line":122,"column":17},"end":{"line":103,"column":2}}},"13":{"name":"unregister","decl":{"start":{"line":129,"column":16},"end":{"line":129,"column":7}},"loc":{"start":{"line":129,"column":29},"end":{"line":135,"column":1}}},"14":{"name":"(anonymous_14)","decl":{"start":{"line":131,"column":39},"end":{"line":131,"column":38}},"loc":{"start":{"line":131,"column":55},"end":{"line":131,"column":4}}}},"branchMap":{"0":{"loc":{"start":{"line":14,"column":2},"end":{"line":14,"column":1}},"type":"binary-expr","locations":[{"start":{"line":14,"column":2},"end":{"line":14,"column":1}},{"start":{"line":16,"column":4},"end":{"line":14,"column":2}},{"start":{"line":18,"column":4},"end":{"line":13,"column":27}}]},"1":{"loc":{"start":{"line":24,"column":2},"end":{"line":54,"column":3}},"type":"if","locations":[{"start":{"line":24,"column":2},"end":{"line":54,"column":3}},{"start":{"line":24,"column":2},"end":{"line":54,"column":3}}]},"2":{"loc":{"start":{"line":24,"column":6},"end":{"line":24,"column":5}},"type":"binary-expr","locations":[{"start":{"line":24,"column":6},"end":{"line":24,"column":5}},{"start":{"line":24,"column":47},"end":{"line":24,"column":2}}]},"3":{"loc":{"start":{"line":27,"column":4},"end":{"line":32,"column":5}},"type":"if","locations":[{"start":{"line":27,"column":4},"end":{"line":32,"column":5}},{"start":{"line":27,"column":4},"end":{"line":32,"column":5}}]},"4":{"loc":{"start":{"line":37,"column":6},"end":{"line":52,"column":7}},"type":"if","locations":[{"start":{"line":37,"column":6},"end":{"line":52,"column":7}},{"start":{"line":37,"column":6},"end":{"line":52,"column":7}}]},"5":{"loc":{"start":{"line":63,"column":8},"end":{"line":65,"column":9}},"type":"if","locations":[{"start":{"line":63,"column":8},"end":{"line":65,"column":9}},{"start":{"line":63,"column":8},"end":{"line":65,"column":9}}]},"6":{"loc":{"start":{"line":67,"column":10},"end":{"line":92,"column":11}},"type":"if","locations":[{"start":{"line":67,"column":10},"end":{"line":92,"column":11}},{"start":{"line":67,"column":10},"end":{"line":92,"column":11}}]},"7":{"loc":{"start":{"line":68,"column":12},"end":{"line":91,"column":13}},"type":"if","locations":[{"start":{"line":68,"column":12},"end":{"line":91,"column":13}},{"start":{"line":68,"column":12},"end":{"line":91,"column":13}}]},"8":{"loc":{"start":{"line":78,"column":14},"end":{"line":80,"column":15}},"type":"if","locations":[{"start":{"line":78,"column":14},"end":{"line":80,"column":15}},{"start":{"line":78,"column":14},"end":{"line":80,"column":15}}]},"9":{"loc":{"start":{"line":78,"column":18},"end":{"line":78,"column":24}},"type":"binary-expr","locations":[{"start":{"line":78,"column":18},"end":{"line":78,"column":24}},{"start":{"line":78,"column":28},"end":{"line":78,"column":14}}]},"10":{"loc":{"start":{"line":88,"column":14},"end":{"line":90,"column":15}},"type":"if","locations":[{"start":{"line":88,"column":14},"end":{"line":90,"column":15}},{"start":{"line":88,"column":14},"end":{"line":90,"column":15}}]},"11":{"loc":{"start":{"line":88,"column":18},"end":{"line":88,"column":24}},"type":"binary-expr","locations":[{"start":{"line":88,"column":18},"end":{"line":88,"column":24}},{"start":{"line":88,"column":28},"end":{"line":88,"column":14}}]},"12":{"loc":{"start":{"line":107,"column":6},"end":{"line":120,"column":7}},"type":"if","locations":[{"start":{"line":107,"column":6},"end":{"line":120,"column":7}},{"start":{"line":107,"column":6},"end":{"line":120,"column":7}}]},"13":{"loc":{"start":{"line":108,"column":8},"end":{"line":108,"column":7}},"type":"binary-expr","locations":[{"start":{"line":108,"column":8},"end":{"line":108,"column":7}},{"start":{"line":109,"column":9},"end":{"line":109,"column":8}},{"start":{"line":109,"column":32},"end":{"line":107,"column":6}}]},"14":{"loc":{"start":{"line":130,"column":2},"end":{"line":134,"column":3}},"type":"if","locations":[{"start":{"line":130,"column":2},"end":{"line":134,"column":3}},{"start":{"line":130,"column":2},"end":{"line":134,"column":3}}]}},"s":{"0":0,"1":0,"2":0,"3":0,"4":0,"5":0,"6":0,"7":0,"8":0,"9":0,"10":0,"11":0,"12":0,"13":0,"14":0,"15":0,"16":0,"17":0,"18":0,"19":0,"20":0,"21":0,"22":0,"23":0,"24":0,"25":0,"26":0,"27":0,"28":0,"29":0,"30":0,"31":0,"32":0,"33":0,"34":0,"35":0,"36":0,"37":0},"f":{"0":0,"1":0,"2":0,"3":0,"4":0,"5":0,"6":0,"7":0,"8":0,"9":0,"10":0,"11":0,"12":0,"13":0,"14":0},"b":{"0":[0,0,0],"1":[0,0],"2":[0,0],"3":[0,0],"4":[0,0],"5":[0,0],"6":[0,0],"7":[0,0],"8":[0,0],"9":[0,0],"10":[0,0],"11":[0,0],"12":[0,0],"13":[0,0,0],"14":[0,0]}}
,"D:\\gameStop\\gamestop-poc\\src\\components\\Dashboard.js": {"path":"D:\\gameStop\\gamestop-poc\\src\\components\\Dashboard.js","statementMap":{"0":{"start":{"line":1,"column":0},"end":{"line":null,"column":-1}},"1":{"start":{"line":2,"column":0},"end":{"line":null,"column":-1}},"2":{"start":{"line":6,"column":2},"end":{"line":null,"column":-1}},"3":{"start":{"line":12,"column":0},"end":{"line":null,"column":-1}}},"fnMap":{},"branchMap":{},"s":{"0":0,"1":0,"2":0,"3":0},"f":{},"b":{}}
,"D:\\gameStop\\gamestop-poc\\src\\components\\Home.js": {"path":"D:\\gameStop\\gamestop-poc\\src\\components\\Home.js","statementMap":{"0":{"start":{"line":1,"column":0},"end":{"line":null,"column":-1}},"1":{"start":{"line":2,"column":0},"end":{"line":null,"column":-1}},"2":{"start":{"line":3,"column":0},"end":{"line":null,"column":-1}},"3":{"start":{"line":4,"column":0},"end":{"line":null,"column":-1}},"4":{"start":{"line":5,"column":0},"end":{"line":null,"column":-1}},"5":{"start":{"line":9,"column":21},"end":{"line":null,"column":-1}},"6":{"start":{"line":10,"column":4},"end":{"line":9,"column":21}},"7":{"start":{"line":12,"column":4},"end":{"line":null,"column":-1}},"8":{"start":{"line":75,"column":4},"end":{"line":null,"column":-1}},"9":{"start":{"line":80,"column":3},"end":{"line":null,"column":-1}},"10":{"start":{"line":88,"column":24},"end":{"line":88,"column":0}},"11":{"start":{"line":88,"column":29},"end":{"line":null,"column":-1}},"12":{"start":{"line":94,"column":27},"end":{"line":94,"column":0}},"13":{"start":{"line":94,"column":35},"end":{"line":null,"column":-1}},"14":{"start":{"line":95,"column":23},"end":{"line":null,"column":-1}}},"fnMap":{"0":{"name":"Home","decl":{"start":{"line":9,"column":2},"end":{"line":9,"column":13}},"loc":{"start":{"line":9,"column":21},"end":{"line":72,"column":3}}},"1":{"name":"mapStateToProps","decl":{"start":{"line":88,"column":6},"end":{"line":88,"column":24}},"loc":{"start":{"line":88,"column":29},"end":{"line":88,"column":0}}},"2":{"name":"mapDispatchToProps","decl":{"start":{"line":94,"column":6},"end":{"line":94,"column":27}},"loc":{"start":{"line":94,"column":35},"end":{"line":94,"column":0}}},"3":{"name":"fetchGuidedAudtData","decl":{"start":{"line":95,"column":23},"end":{"line":null,"column":-1}},"loc":{"start":{"line":95,"column":23},"end":{"line":null,"column":-1}}}},"branchMap":{},"s":{"0":0,"1":0,"2":0,"3":0,"4":0,"5":0,"6":0,"7":0,"8":0,"9":0,"10":0,"11":0,"12":0,"13":0,"14":0},"f":{"0":0,"1":0,"2":0,"3":0},"b":{}}
,"D:\\gameStop\\gamestop-poc\\src\\components\\PageBodyContainer.jsx": {"path":"D:\\gameStop\\gamestop-poc\\src\\components\\PageBodyContainer.jsx","statementMap":{"0":{"start":{"line":2,"column":0},"end":{"line":null,"column":-1}},"1":{"start":{"line":3,"column":0},"end":{"line":null,"column":-1}},"2":{"start":{"line":4,"column":0},"end":{"line":null,"column":-1}},"3":{"start":{"line":5,"column":0},"end":{"line":null,"column":-1}},"4":{"start":{"line":6,"column":0},"end":{"line":null,"column":-1}},"5":{"start":{"line":7,"column":0},"end":{"line":null,"column":-1}},"6":{"start":{"line":8,"column":0},"end":{"line":null,"column":-1}},"7":{"start":{"line":10,"column":23},"end":{"line":10,"column":0}},"8":{"start":{"line":16,"column":23},"end":{"line":null,"column":-1}},"9":{"start":{"line":17,"column":8},"end":{"line":null,"column":-1}},"10":{"start":{"line":19,"column":8},"end":{"line":null,"column":-1}},"11":{"start":{"line":80,"column":8},"end":{"line":null,"column":-1}},"12":{"start":{"line":85,"column":4},"end":{"line":null,"column":-1}},"13":{"start":{"line":89,"column":8},"end":{"line":null,"column":-1}},"14":{"start":{"line":93,"column":8},"end":{"line":null,"column":-1}},"15":{"start":{"line":103,"column":24},"end":{"line":103,"column":0}},"16":{"start":{"line":103,"column":29},"end":{"line":null,"column":-1}}},"fnMap":{"0":{"name":"PageBodyContainer","decl":{"start":{"line":16,"column":4},"end":{"line":16,"column":15}},"loc":{"start":{"line":16,"column":23},"end":{"line":82,"column":5}}},"1":{"name":"mapStateToProps","decl":{"start":{"line":103,"column":6},"end":{"line":103,"column":24}},"loc":{"start":{"line":103,"column":29},"end":{"line":103,"column":0}}}},"branchMap":{},"s":{"0":0,"1":0,"2":0,"3":0,"4":0,"5":0,"6":0,"7":0,"8":0,"9":0,"10":0,"11":0,"12":0,"13":0,"14":0,"15":0,"16":0},"f":{"0":0,"1":0},"b":{}}
,"D:\\gameStop\\gamestop-poc\\src\\components\\Transaction\\Transaction.jsx": {"path":"D:\\gameStop\\gamestop-poc\\src\\components\\Transaction\\Transaction.jsx","statementMap":{"0":{"start":{"line":1,"column":0},"end":{"line":null,"column":-1}},"1":{"start":{"line":2,"column":0},"end":{"line":null,"column":-1}},"2":{"start":{"line":6,"column":4},"end":{"line":null,"column":-1}},"3":{"start":{"line":12,"column":0},"end":{"line":null,"column":-1}}},"fnMap":{},"branchMap":{},"s":{"0":0,"1":0,"2":0,"3":0},"f":{},"b":{}}
,"D:\\gameStop\\gamestop-poc\\src\\components\\shared\\filter\\Filter.jsx": {"path":"D:\\gameStop\\gamestop-poc\\src\\components\\shared\\filter\\Filter.jsx","statementMap":{"0":{"start":{"line":1,"column":0},"end":{"line":null,"column":-1}},"1":{"start":{"line":2,"column":0},"end":{"line":null,"column":-1}},"2":{"start":{"line":3,"column":0},"end":{"line":null,"column":-1}},"3":{"start":{"line":4,"column":0},"end":{"line":null,"column":-1}},"4":{"start":{"line":5,"column":0},"end":{"line":null,"column":-1}},"5":{"start":{"line":7,"column":19},"end":{"line":7,"column":0}},"6":{"start":{"line":20,"column":22},"end":{"line":20,"column":0}},"7":{"start":{"line":25,"column":21},"end":{"line":null,"column":-1}},"8":{"start":{"line":26,"column":4},"end":{"line":null,"column":-1}},"9":{"start":{"line":40,"column":4},"end":{"line":null,"column":-1}},"10":{"start":{"line":46,"column":4},"end":{"line":null,"column":-1}},"11":{"start":{"line":27,"column":4},"end":{"line":null,"column":-1}},"12":{"start":{"line":30,"column":4},"end":{"line":null,"column":-1}},"13":{"start":{"line":33,"column":4},"end":{"line":null,"column":-1}},"14":{"start":{"line":53,"column":4},"end":{"line":null,"column":-1}}},"fnMap":{"0":{"name":"Filter","decl":{"start":{"line":25,"column":2},"end":{"line":25,"column":13}},"loc":{"start":{"line":25,"column":21},"end":{"line":34,"column":3}}},"1":{"name":"(anonymous_22)","decl":{"start":{"line":39,"column":16},"end":{"line":39,"column":21}},"loc":{"start":{"line":39,"column":22},"end":{"line":25,"column":21}}},"2":{"name":"(anonymous_23)","decl":{"start":{"line":45,"column":14},"end":{"line":45,"column":19}},"loc":{"start":{"line":45,"column":20},"end":{"line":25,"column":21}}}},"branchMap":{"0":{"loc":{"start":{"line":60,"column":10},"end":{"line":59,"column":9}},"type":"cond-expr","locations":[{"start":{"line":60,"column":10},"end":{"line":59,"column":9}},{"start":{"line":62,"column":21},"end":{"line":54,"column":6}}]}},"s":{"0":0,"1":0,"2":0,"3":0,"4":0,"5":0,"6":0,"7":0,"8":0,"9":0,"10":0,"11":0,"12":0,"13":0,"14":0},"f":{"0":0,"1":0,"2":0},"b":{"0":[0,0]}}
,"D:\\gameStop\\gamestop-poc\\src\\components\\shared\\filter\\FilterContent.js": {"path":"D:\\gameStop\\gamestop-poc\\src\\components\\shared\\filter\\FilterContent.js","statementMap":{"0":{"start":{"line":1,"column":0},"end":{"line":null,"column":-1}},"1":{"start":{"line":2,"column":0},"end":{"line":null,"column":-1}},"2":{"start":{"line":3,"column":0},"end":{"line":null,"column":-1}},"3":{"start":{"line":6,"column":21},"end":{"line":null,"column":-1}},"4":{"start":{"line":10,"column":4},"end":{"line":null,"column":-1}}},"fnMap":{"0":{"name":"FilterContent","decl":{"start":{"line":6,"column":2},"end":{"line":6,"column":13}},"loc":{"start":{"line":6,"column":21},"end":{"line":8,"column":3}}}},"branchMap":{},"s":{"0":0,"1":0,"2":0,"3":0,"4":0},"f":{"0":0},"b":{}}
,"D:\\gameStop\\gamestop-poc\\src\\components\\shared\\footer\\Footer.jsx": {"path":"D:\\gameStop\\gamestop-poc\\src\\components\\shared\\footer\\Footer.jsx","statementMap":{"0":{"start":{"line":1,"column":0},"end":{"line":null,"column":-1}},"1":{"start":{"line":2,"column":0},"end":{"line":null,"column":-1}},"2":{"start":{"line":4,"column":18},"end":{"line":4,"column":0}},"3":{"start":{"line":18,"column":8},"end":{"line":null,"column":-1}}},"fnMap":{},"branchMap":{},"s":{"0":0,"1":0,"2":0,"3":0},"f":{},"b":{}}
,"D:\\gameStop\\gamestop-poc\\src\\components\\shared\\formUtility\\Button.js": {"path":"D:\\gameStop\\gamestop-poc\\src\\components\\shared\\formUtility\\Button.js","statementMap":{"0":{"start":{"line":1,"column":0},"end":{"line":null,"column":-1}},"1":{"start":{"line":2,"column":0},"end":{"line":null,"column":-1}},"2":{"start":{"line":3,"column":0},"end":{"line":null,"column":-1}},"3":{"start":{"line":5,"column":23},"end":{"line":5,"column":0}},"4":{"start":{"line":6,"column":2},"end":{"line":null,"column":-1}},"5":{"start":{"line":8,"column":6},"end":{"line":null,"column":-1}},"6":{"start":{"line":13,"column":6},"end":{"line":null,"column":-1}},"7":{"start":{"line":18,"column":6},"end":{"line":null,"column":-1}},"8":{"start":{"line":25,"column":21},"end":{"line":25,"column":0}},"9":{"start":{"line":28,"column":9},"end":{"line":null,"column":-1}},"10":{"start":{"line":33,"column":47},"end":{"line":32,"column":11}},"11":{"start":{"line":32,"column":11},"end":{"line":32,"column":10}},"12":{"start":{"line":32,"column":11},"end":{"line":null,"column":-1}},"13":{"start":{"line":34,"column":4},"end":{"line":null,"column":-1}}},"fnMap":{"0":{"name":"setButtonStyle","decl":{"start":{"line":5,"column":6},"end":{"line":5,"column":23}},"loc":{"start":{"line":5,"column":32},"end":{"line":5,"column":0}}},"1":{"name":"(anonymous_23)","decl":{"start":{"line":28,"column":4},"end":{"line":28,"column":3}},"loc":{"start":{"line":28,"column":9},"end":{"line":25,"column":18}}}},"branchMap":{"0":{"loc":{"start":{"line":7,"column":4},"end":{"line":8,"column":6}},"type":"switch","locations":[{"start":{"line":7,"column":4},"end":{"line":8,"column":6}},{"start":{"line":12,"column":4},"end":{"line":13,"column":6}},{"start":{"line":17,"column":4},"end":{"line":18,"column":6}}]}},"s":{"0":0,"1":0,"2":0,"3":0,"4":0,"5":0,"6":0,"7":0,"8":0,"9":0,"10":0,"11":0,"12":0,"13":0},"f":{"0":0,"1":0},"b":{"0":[0,0,0]}}
,"D:\\gameStop\\gamestop-poc\\src\\components\\shared\\formUtility\\Input.js": {"path":"D:\\gameStop\\gamestop-poc\\src\\components\\shared\\formUtility\\Input.js","statementMap":{"0":{"start":{"line":1,"column":0},"end":{"line":null,"column":-1}},"1":{"start":{"line":2,"column":0},"end":{"line":null,"column":-1}},"2":{"start":{"line":3,"column":0},"end":{"line":null,"column":-1}},"3":{"start":{"line":5,"column":14},"end":{"line":5,"column":0}},"4":{"start":{"line":12,"column":16},"end":{"line":12,"column":0}},"5":{"start":{"line":12,"column":16},"end":{"line":null,"column":-1}}},"fnMap":{"0":{"name":"InputUi","decl":{"start":{"line":12,"column":6},"end":{"line":12,"column":16}},"loc":{"start":{"line":12,"column":16},"end":{"line":12,"column":0}}}},"branchMap":{},"s":{"0":0,"1":0,"2":0,"3":0,"4":0,"5":0},"f":{"0":0},"b":{}}
,"D:\\gameStop\\gamestop-poc\\src\\components\\shared\\grid\\TableConstant.js": {"path":"D:\\gameStop\\gamestop-poc\\src\\components\\shared\\grid\\TableConstant.js","statementMap":{"0":{"start":{"line":16,"column":22},"end":{"line":16,"column":0}},"1":{"start":{"line":22,"column":25},"end":{"line":22,"column":0}},"2":{"start":{"line":27,"column":26},"end":{"line":27,"column":0}}},"fnMap":{},"branchMap":{},"s":{"0":0,"1":0,"2":0},"f":{},"b":{}}
,"D:\\gameStop\\gamestop-poc\\src\\components\\shared\\grid\\TableFormatter.js": {"path":"D:\\gameStop\\gamestop-poc\\src\\components\\shared\\grid\\TableFormatter.js","statementMap":{"0":{"start":{"line":1,"column":27},"end":{"line":1,"column":7}},"1":{"start":{"line":1,"column":27},"end":{"line":null,"column":-1}}},"fnMap":{"0":{"name":"AuditStatus","decl":{"start":{"line":1,"column":13},"end":{"line":1,"column":27}},"loc":{"start":{"line":1,"column":27},"end":{"line":1,"column":7}}}},"branchMap":{"0":{"loc":{"start":{"line":1,"column":55},"end":{"line":1,"column":37}},"type":"cond-expr","locations":[{"start":{"line":1,"column":55},"end":{"line":1,"column":37}},{"start":{"line":1,"column":62},"end":{"line":1,"column":27}}]}},"s":{"0":0,"1":0},"f":{"0":0},"b":{"0":[0,0]}}
,"D:\\gameStop\\gamestop-poc\\src\\components\\shared\\grid\\TableHeader.jsx": {"path":"D:\\gameStop\\gamestop-poc\\src\\components\\shared\\grid\\TableHeader.jsx","statementMap":{"0":{"start":{"line":1,"column":0},"end":{"line":null,"column":-1}},"1":{"start":{"line":2,"column":0},"end":{"line":null,"column":-1}},"2":{"start":{"line":3,"column":0},"end":{"line":null,"column":-1}},"3":{"start":{"line":4,"column":0},"end":{"line":null,"column":-1}},"4":{"start":{"line":6,"column":23},"end":{"line":6,"column":0}},"5":{"start":{"line":57,"column":21},"end":{"line":null,"column":-1}},"6":{"start":{"line":58,"column":4},"end":{"line":null,"column":-1}},"7":{"start":{"line":59,"column":4},"end":{"line":null,"column":-1}},"8":{"start":{"line":65,"column":4},"end":{"line":null,"column":-1}},"9":{"start":{"line":66,"column":4},"end":{"line":null,"column":-1}},"10":{"start":{"line":70,"column":4},"end":{"line":72,"column":5}},"11":{"start":{"line":71,"column":6},"end":{"line":null,"column":-1}},"12":{"start":{"line":73,"column":23},"end":{"line":73,"column":4}},"13":{"start":{"line":74,"column":4},"end":{"line":null,"column":-1}},"14":{"start":{"line":75,"column":4},"end":{"line":null,"column":-1}},"15":{"start":{"line":79,"column":27},"end":{"line":79,"column":4}},"16":{"start":{"line":80,"column":4},"end":{"line":84,"column":5}},"17":{"start":{"line":81,"column":6},"end":{"line":null,"column":-1}},"18":{"start":{"line":82,"column":12},"end":{"line":84,"column":5}},"19":{"start":{"line":83,"column":6},"end":{"line":null,"column":-1}},"20":{"start":{"line":85,"column":4},"end":{"line":null,"column":-1}},"21":{"start":{"line":90,"column":11},"end":{"line":null,"column":-1}},"22":{"start":{"line":92,"column":4},"end":{"line":null,"column":-1}},"23":{"start":{"line":95,"column":10},"end":{"line":null,"column":-1}},"24":{"start":{"line":96,"column":59},"end":{"line":null,"column":-1}},"25":{"start":{"line":110,"column":0},"end":{"line":null,"column":-1}},"26":{"start":{"line":115,"column":0},"end":{"line":null,"column":-1}}},"fnMap":{"0":{"name":"TableHeader","decl":{"start":{"line":57,"column":2},"end":{"line":57,"column":13}},"loc":{"start":{"line":57,"column":21},"end":{"line":67,"column":3}}},"1":{"name":"(anonymous_23)","decl":{"start":{"line":94,"column":36},"end":{"line":94,"column":36}},"loc":{"start":{"line":94,"column":48},"end":{"line":94,"column":13}}},"2":{"name":"onClick","decl":{"start":{"line":96,"column":59},"end":{"line":null,"column":-1}},"loc":{"start":{"line":96,"column":59},"end":{"line":null,"column":-1}}}},"branchMap":{"0":{"loc":{"start":{"line":70,"column":4},"end":{"line":72,"column":5}},"type":"if","locations":[{"start":{"line":70,"column":4},"end":{"line":72,"column":5}},{"start":{"line":70,"column":4},"end":{"line":72,"column":5}}]},"1":{"loc":{"start":{"line":73,"column":62},"end":{"line":73,"column":22}},"type":"cond-expr","locations":[{"start":{"line":73,"column":62},"end":{"line":73,"column":22}},{"start":{"line":73,"column":71},"end":{"line":73,"column":4}}]},"2":{"loc":{"start":{"line":80,"column":4},"end":{"line":84,"column":5}},"type":"if","locations":[{"start":{"line":80,"column":4},"end":{"line":84,"column":5}},{"start":{"line":80,"column":4},"end":{"line":84,"column":5}}]},"3":{"loc":{"start":{"line":80,"column":7},"end":{"line":80,"column":6}},"type":"binary-expr","locations":[{"start":{"line":80,"column":7},"end":{"line":80,"column":6}},{"start":{"line":80,"column":46},"end":{"line":80,"column":4}}]},"4":{"loc":{"start":{"line":82,"column":12},"end":{"line":84,"column":5}},"type":"if","locations":[{"start":{"line":82,"column":12},"end":{"line":84,"column":5}},{"start":{"line":82,"column":12},"end":{"line":84,"column":5}}]},"5":{"loc":{"start":{"line":82,"column":15},"end":{"line":82,"column":14}},"type":"binary-expr","locations":[{"start":{"line":82,"column":15},"end":{"line":82,"column":14}},{"start":{"line":82,"column":55},"end":{"line":82,"column":12}}]},"6":{"loc":{"start":{"line":98,"column":32},"end":{"line":98,"column":15}},"type":"cond-expr","locations":[{"start":{"line":98,"column":32},"end":{"line":98,"column":15}},{"start":{"line":100,"column":64},"end":{"line":96,"column":12}}]}},"s":{"0":0,"1":0,"2":0,"3":0,"4":0,"5":0,"6":0,"7":0,"8":0,"9":0,"10":0,"11":0,"12":0,"13":0,"14":0,"15":0,"16":0,"17":0,"18":0,"19":0,"20":0,"21":0,"22":0,"23":0,"24":0,"25":0,"26":0},"f":{"0":0,"1":0,"2":0},"b":{"0":[0,0],"1":[0,0],"2":[0,0],"3":[0,0],"4":[0,0],"5":[0,0],"6":[0,0]}}
,"D:\\gameStop\\gamestop-poc\\src\\components\\shared\\grid\\TableMain.jsx": {"path":"D:\\gameStop\\gamestop-poc\\src\\components\\shared\\grid\\TableMain.jsx","statementMap":{"0":{"start":{"line":1,"column":0},"end":{"line":null,"column":-1}},"1":{"start":{"line":2,"column":0},"end":{"line":null,"column":-1}},"2":{"start":{"line":3,"column":0},"end":{"line":null,"column":-1}},"3":{"start":{"line":4,"column":0},"end":{"line":null,"column":-1}},"4":{"start":{"line":5,"column":0},"end":{"line":null,"column":-1}},"5":{"start":{"line":6,"column":0},"end":{"line":null,"column":-1}},"6":{"start":{"line":8,"column":21},"end":{"line":8,"column":0}},"7":{"start":{"line":51,"column":8},"end":{"line":null,"column":-1}},"8":{"start":{"line":63,"column":0},"end":{"line":null,"column":-1}},"9":{"start":{"line":69,"column":2},"end":{"line":null,"column":-1}}},"fnMap":{},"branchMap":{},"s":{"0":0,"1":0,"2":0,"3":0,"4":0,"5":0,"6":0,"7":0,"8":0,"9":0},"f":{},"b":{}}
,"D:\\gameStop\\gamestop-poc\\src\\components\\shared\\grid\\TablePagination.jsx": {"path":"D:\\gameStop\\gamestop-poc\\src\\components\\shared\\grid\\TablePagination.jsx","statementMap":{"0":{"start":{"line":1,"column":0},"end":{"line":null,"column":-1}},"1":{"start":{"line":2,"column":0},"end":{"line":null,"column":-1}},"2":{"start":{"line":3,"column":0},"end":{"line":null,"column":-1}},"3":{"start":{"line":4,"column":0},"end":{"line":null,"column":-1}},"4":{"start":{"line":8,"column":23},"end":{"line":null,"column":-1}},"5":{"start":{"line":9,"column":8},"end":{"line":null,"column":-1}},"6":{"start":{"line":10,"column":8},"end":{"line":null,"column":-1}},"7":{"start":{"line":16,"column":8},"end":{"line":null,"column":-1}}},"fnMap":{"0":{"name":"TablePagination","decl":{"start":{"line":8,"column":4},"end":{"line":8,"column":15}},"loc":{"start":{"line":8,"column":23},"end":{"line":13,"column":5}}}},"branchMap":{},"s":{"0":0,"1":0,"2":0,"3":0,"4":0,"5":0,"6":0,"7":0},"f":{"0":0},"b":{}}
,"D:\\gameStop\\gamestop-poc\\src\\components\\shared\\grid\\TableView.jsx": {"path":"D:\\gameStop\\gamestop-poc\\src\\components\\shared\\grid\\TableView.jsx","statementMap":{"0":{"start":{"line":1,"column":0},"end":{"line":null,"column":-1}},"1":{"start":{"line":2,"column":0},"end":{"line":null,"column":-1}},"2":{"start":{"line":3,"column":0},"end":{"line":null,"column":-1}},"3":{"start":{"line":4,"column":0},"end":{"line":null,"column":-1}},"4":{"start":{"line":5,"column":0},"end":{"line":null,"column":-1}},"5":{"start":{"line":7,"column":21},"end":{"line":7,"column":0}},"6":{"start":{"line":31,"column":4},"end":{"line":null,"column":-1}},"7":{"start":{"line":33,"column":8},"end":{"line":null,"column":-1}},"8":{"start":{"line":38,"column":8},"end":{"line":null,"column":-1}},"9":{"start":{"line":43,"column":8},"end":{"line":null,"column":-1}},"10":{"start":{"line":46,"column":11},"end":{"line":null,"column":-1}},"11":{"start":{"line":47,"column":4},"end":{"line":null,"column":-1}},"12":{"start":{"line":52,"column":12},"end":{"line":null,"column":-1}},"13":{"start":{"line":55,"column":18},"end":{"line":null,"column":-1}}},"fnMap":{"0":{"name":"(anonymous_22)","decl":{"start":{"line":51,"column":30},"end":{"line":51,"column":29}},"loc":{"start":{"line":51,"column":41},"end":{"line":51,"column":10}}},"1":{"name":"(anonymous_23)","decl":{"start":{"line":54,"column":40},"end":{"line":54,"column":39}},"loc":{"start":{"line":54,"column":50},"end":{"line":54,"column":17}}}},"branchMap":{"0":{"loc":{"start":{"line":32,"column":6},"end":{"line":36,"column":7}},"type":"switch","locations":[{"start":{"line":32,"column":6},"end":{"line":36,"column":7}},{"start":{"line":37,"column":6},"end":{"line":41,"column":7}},{"start":{"line":42,"column":6},"end":{"line":43,"column":8}}]}},"s":{"0":0,"1":0,"2":0,"3":0,"4":0,"5":0,"6":0,"7":0,"8":0,"9":0,"10":0,"11":0,"12":0,"13":0},"f":{"0":0,"1":0},"b":{"0":[0,0,0]}}
,"D:\\gameStop\\gamestop-poc\\src\\components\\shared\\grid\\cells\\CellWithClass.jsx": {"path":"D:\\gameStop\\gamestop-poc\\src\\components\\shared\\grid\\cells\\CellWithClass.jsx","statementMap":{"0":{"start":{"line":1,"column":0},"end":{"line":null,"column":-1}},"1":{"start":{"line":2,"column":0},"end":{"line":null,"column":-1}},"2":{"start":{"line":3,"column":0},"end":{"line":null,"column":-1}},"3":{"start":{"line":4,"column":0},"end":{"line":null,"column":-1}},"4":{"start":{"line":6,"column":11},"end":{"line":6,"column":0}},"5":{"start":{"line":32,"column":27},"end":{"line":32,"column":8}},"6":{"start":{"line":33,"column":8},"end":{"line":null,"column":-1}},"7":{"start":{"line":36,"column":8},"end":{"line":null,"column":-1}}},"fnMap":{},"branchMap":{"0":{"loc":{"start":{"line":39,"column":39},"end":{"line":39,"column":21}},"type":"cond-expr","locations":[{"start":{"line":39,"column":39},"end":{"line":39,"column":21}},{"start":{"line":39,"column":57},"end":{"line":38,"column":16}}]}},"s":{"0":0,"1":0,"2":0,"3":0,"4":0,"5":0,"6":0,"7":0},"f":{},"b":{"0":[0,0]}}
,"D:\\gameStop\\gamestop-poc\\src\\components\\shared\\grid\\cells\\CustomCell.jsx": {"path":"D:\\gameStop\\gamestop-poc\\src\\components\\shared\\grid\\cells\\CustomCell.jsx","statementMap":{"0":{"start":{"line":1,"column":0},"end":{"line":null,"column":-1}}},"fnMap":{},"branchMap":{},"s":{"0":0},"f":{},"b":{}}
,"D:\\gameStop\\gamestop-poc\\src\\components\\shared\\grid\\cells\\TextCell.jsx": {"path":"D:\\gameStop\\gamestop-poc\\src\\components\\shared\\grid\\cells\\TextCell.jsx","statementMap":{"0":{"start":{"line":1,"column":0},"end":{"line":null,"column":-1}},"1":{"start":{"line":2,"column":0},"end":{"line":null,"column":-1}},"2":{"start":{"line":7,"column":4},"end":{"line":null,"column":-1}},"3":{"start":{"line":15,"column":0},"end":{"line":null,"column":-1}},"4":{"start":{"line":21,"column":0},"end":{"line":null,"column":-1}}},"fnMap":{},"branchMap":{"0":{"loc":{"start":{"line":9,"column":29},"end":{"line":9,"column":11}},"type":"cond-expr","locations":[{"start":{"line":9,"column":29},"end":{"line":9,"column":11}},{"start":{"line":9,"column":48},"end":{"line":8,"column":6}}]}},"s":{"0":0,"1":0,"2":0,"3":0,"4":0},"f":{},"b":{"0":[0,0]}}
,"D:\\gameStop\\gamestop-poc\\src\\components\\shared\\header\\Header.jsx": {"path":"D:\\gameStop\\gamestop-poc\\src\\components\\shared\\header\\Header.jsx","statementMap":{"0":{"start":{"line":1,"column":0},"end":{"line":null,"column":-1}},"1":{"start":{"line":2,"column":0},"end":{"line":null,"column":-1}},"2":{"start":{"line":3,"column":0},"end":{"line":null,"column":-1}},"3":{"start":{"line":4,"column":0},"end":{"line":null,"column":-1}},"4":{"start":{"line":5,"column":0},"end":{"line":null,"column":-1}},"5":{"start":{"line":7,"column":18},"end":{"line":7,"column":0}},"6":{"start":{"line":17,"column":13},"end":{"line":17,"column":0}},"7":{"start":{"line":24,"column":4},"end":{"line":null,"column":-1}}},"fnMap":{},"branchMap":{},"s":{"0":0,"1":0,"2":0,"3":0,"4":0,"5":0,"6":0,"7":0},"f":{},"b":{}}
,"D:\\gameStop\\gamestop-poc\\src\\components\\shared\\header\\PageHeading.jsx": {"path":"D:\\gameStop\\gamestop-poc\\src\\components\\shared\\header\\PageHeading.jsx","statementMap":{"0":{"start":{"line":1,"column":0},"end":{"line":null,"column":-1}},"1":{"start":{"line":2,"column":0},"end":{"line":null,"column":-1}},"2":{"start":{"line":3,"column":0},"end":{"line":null,"column":-1}},"3":{"start":{"line":5,"column":19},"end":{"line":5,"column":0}},"4":{"start":{"line":21,"column":4},"end":{"line":null,"column":-1}}},"fnMap":{},"branchMap":{},"s":{"0":0,"1":0,"2":0,"3":0,"4":0},"f":{},"b":{}}
,"D:\\gameStop\\gamestop-poc\\src\\components\\shared\\header\\UserInfo.jsx": {"path":"D:\\gameStop\\gamestop-poc\\src\\components\\shared\\header\\UserInfo.jsx","statementMap":{"0":{"start":{"line":2,"column":0},"end":{"line":null,"column":-1}},"1":{"start":{"line":3,"column":0},"end":{"line":null,"column":-1}},"2":{"start":{"line":4,"column":0},"end":{"line":null,"column":-1}},"3":{"start":{"line":6,"column":16},"end":{"line":6,"column":0}},"4":{"start":{"line":29,"column":8},"end":{"line":null,"column":-1}}},"fnMap":{},"branchMap":{},"s":{"0":0,"1":0,"2":0,"3":0,"4":0},"f":{},"b":{}}
,"D:\\gameStop\\gamestop-poc\\src\\components\\shared\\modal\\ModalCss.js": {"path":"D:\\gameStop\\gamestop-poc\\src\\components\\shared\\modal\\ModalCss.js","statementMap":{"0":{"start":{"line":1,"column":0},"end":{"line":null,"column":-1}},"1":{"start":{"line":2,"column":0},"end":{"line":null,"column":-1}},"2":{"start":{"line":4,"column":27},"end":{"line":4,"column":7}},"3":{"start":{"line":13,"column":25},"end":{"line":13,"column":7}},"4":{"start":{"line":29,"column":21},"end":{"line":29,"column":7}},"5":{"start":{"line":52,"column":23},"end":{"line":52,"column":7}},"6":{"start":{"line":57,"column":19},"end":{"line":57,"column":7}},"7":{"start":{"line":72,"column":25},"end":{"line":72,"column":7}},"8":{"start":{"line":85,"column":28},"end":{"line":85,"column":7}},"9":{"start":{"line":97,"column":25},"end":{"line":97,"column":7}}},"fnMap":{},"branchMap":{},"s":{"0":0,"1":0,"2":0,"3":0,"4":0,"5":0,"6":0,"7":0,"8":0,"9":0},"f":{},"b":{}}
,"D:\\gameStop\\gamestop-poc\\src\\components\\shared\\modal\\ModalFooter.js": {"path":"D:\\gameStop\\gamestop-poc\\src\\components\\shared\\modal\\ModalFooter.js","statementMap":{"0":{"start":{"line":1,"column":0},"end":{"line":null,"column":-1}},"1":{"start":{"line":2,"column":0},"end":{"line":null,"column":-1}},"2":{"start":{"line":4,"column":20},"end":{"line":4,"column":0}},"3":{"start":{"line":4,"column":20},"end":{"line":null,"column":-1}}},"fnMap":{"0":{"name":"ModalFooter","decl":{"start":{"line":4,"column":6},"end":{"line":4,"column":20}},"loc":{"start":{"line":4,"column":20},"end":{"line":4,"column":0}}}},"branchMap":{},"s":{"0":0,"1":0,"2":0,"3":0},"f":{"0":0},"b":{}}
,"D:\\gameStop\\gamestop-poc\\src\\components\\shared\\modal\\ModalHeader.js": {"path":"D:\\gameStop\\gamestop-poc\\src\\components\\shared\\modal\\ModalHeader.js","statementMap":{"0":{"start":{"line":1,"column":0},"end":{"line":null,"column":-1}},"1":{"start":{"line":2,"column":0},"end":{"line":null,"column":-1}},"2":{"start":{"line":4,"column":20},"end":{"line":4,"column":0}},"3":{"start":{"line":4,"column":20},"end":{"line":null,"column":-1}}},"fnMap":{"0":{"name":"ModalHeader","decl":{"start":{"line":4,"column":6},"end":{"line":4,"column":20}},"loc":{"start":{"line":4,"column":20},"end":{"line":4,"column":0}}}},"branchMap":{},"s":{"0":0,"1":0,"2":0,"3":0},"f":{"0":0},"b":{}}
,"D:\\gameStop\\gamestop-poc\\src\\components\\shared\\modal\\ModalWrapper.js": {"path":"D:\\gameStop\\gamestop-poc\\src\\components\\shared\\modal\\ModalWrapper.js","statementMap":{"0":{"start":{"line":1,"column":0},"end":{"line":null,"column":-1}},"1":{"start":{"line":2,"column":0},"end":{"line":null,"column":-1}},"2":{"start":{"line":3,"column":0},"end":{"line":null,"column":-1}},"3":{"start":{"line":4,"column":0},"end":{"line":null,"column":-1}},"4":{"start":{"line":5,"column":0},"end":{"line":null,"column":-1}},"5":{"start":{"line":7,"column":14},"end":{"line":7,"column":0}},"6":{"start":{"line":7,"column":56},"end":{"line":7,"column":55}},"7":{"start":{"line":8,"column":4},"end":{"line":null,"column":-1}}},"fnMap":{"0":{"name":"Modal","decl":{"start":{"line":7,"column":6},"end":{"line":7,"column":14}},"loc":{"start":{"line":7,"column":56},"end":{"line":7,"column":0}}}},"branchMap":{},"s":{"0":0,"1":0,"2":0,"3":0,"4":0,"5":0,"6":0,"7":0},"f":{"0":0},"b":{}}
,"D:\\gameStop\\gamestop-poc\\src\\components\\shared\\nav\\LeftNav.jsx": {"path":"D:\\gameStop\\gamestop-poc\\src\\components\\shared\\nav\\LeftNav.jsx","statementMap":{"0":{"start":{"line":1,"column":0},"end":{"line":null,"column":-1}},"1":{"start":{"line":2,"column":0},"end":{"line":null,"column":-1}},"2":{"start":{"line":3,"column":0},"end":{"line":null,"column":-1}},"3":{"start":{"line":4,"column":0},"end":{"line":null,"column":-1}},"4":{"start":{"line":5,"column":0},"end":{"line":null,"column":-1}},"5":{"start":{"line":7,"column":19},"end":{"line":7,"column":0}},"6":{"start":{"line":78,"column":8},"end":{"line":null,"column":-1}}},"fnMap":{},"branchMap":{},"s":{"0":0,"1":0,"2":0,"3":0,"4":0,"5":0,"6":0},"f":{},"b":{}}
,"D:\\gameStop\\gamestop-poc\\src\\components\\shared\\nav\\NavTop.jsx": {"path":"D:\\gameStop\\gamestop-poc\\src\\components\\shared\\nav\\NavTop.jsx","statementMap":{"0":{"start":{"line":2,"column":0},"end":{"line":null,"column":-1}},"1":{"start":{"line":3,"column":0},"end":{"line":null,"column":-1}},"2":{"start":{"line":5,"column":15},"end":{"line":5,"column":0}},"3":{"start":{"line":31,"column":8},"end":{"line":null,"column":-1}}},"fnMap":{},"branchMap":{},"s":{"0":0,"1":0,"2":0,"3":0},"f":{},"b":{}}
,"D:\\gameStop\\gamestop-poc\\src\\components\\shared\\theming\\Theming.js": {"path":"D:\\gameStop\\gamestop-poc\\src\\components\\shared\\theming\\Theming.js","statementMap":{"0":{"start":{"line":1,"column":15},"end":{"line":1,"column":0}}},"fnMap":{},"branchMap":{},"s":{"0":0},"f":{},"b":{}}
,"D:\\gameStop\\gamestop-poc\\src\\constants\\appConstants.js": {"path":"D:\\gameStop\\gamestop-poc\\src\\constants\\appConstants.js","statementMap":{"0":{"start":{"line":16,"column":26},"end":{"line":16,"column":0}}},"fnMap":{},"branchMap":{},"s":{"0":0},"f":{},"b":{}}
,"D:\\gameStop\\gamestop-poc\\src\\core\\connect.js": {"path":"D:\\gameStop\\gamestop-poc\\src\\core\\connect.js","statementMap":{"0":{"start":{"line":1,"column":0},"end":{"line":null,"column":-1}},"1":{"start":{"line":4,"column":2},"end":{"line":null,"column":-1}}},"fnMap":{"0":{"name":"connectToStore","decl":{"start":{"line":3,"column":24},"end":{"line":3,"column":15}},"loc":{"start":{"line":3,"column":87},"end":{"line":5,"column":1}}}},"branchMap":{},"s":{"0":0,"1":0},"f":{"0":0},"b":{}}
,"D:\\gameStop\\gamestop-poc\\src\\core\\coreUtility.js": {"path":"D:\\gameStop\\gamestop-poc\\src\\core\\coreUtility.js","statementMap":{"0":{"start":{"line":1,"column":0},"end":{"line":null,"column":-1}},"1":{"start":{"line":2,"column":0},"end":{"line":null,"column":-1}},"2":{"start":{"line":3,"column":0},"end":{"line":null,"column":-1}},"3":{"start":{"line":5,"column":16},"end":{"line":null,"column":-1}},"4":{"start":{"line":6,"column":4},"end":{"line":null,"column":-1}},"5":{"start":{"line":7,"column":4},"end":{"line":null,"column":-1}},"6":{"start":{"line":8,"column":4},"end":{"line":null,"column":-1}},"7":{"start":{"line":12,"column":17},"end":{"line":12,"column":0}}},"fnMap":{},"branchMap":{},"s":{"0":0,"1":0,"2":0,"3":0,"4":0,"5":0,"6":0,"7":0},"f":{},"b":{}}
,"D:\\gameStop\\gamestop-poc\\src\\core\\renderApp.js": {"path":"D:\\gameStop\\gamestop-poc\\src\\core\\renderApp.js","statementMap":{"0":{"start":{"line":1,"column":0},"end":{"line":null,"column":-1}},"1":{"start":{"line":2,"column":0},"end":{"line":null,"column":-1}},"2":{"start":{"line":3,"column":0},"end":{"line":null,"column":-1}},"3":{"start":{"line":5,"column":0},"end":{"line":null,"column":-1}},"4":{"start":{"line":6,"column":0},"end":{"line":null,"column":-1}},"5":{"start":{"line":8,"column":0},"end":{"line":null,"column":-1}},"6":{"start":{"line":14,"column":2},"end":{"line":13,"column":61}},"7":{"start":{"line":15,"column":4},"end":{"line":null,"column":-1}},"8":{"start":{"line":19,"column":28},"end":{"line":13,"column":61}},"9":{"start":{"line":20,"column":49},"end":{"line":13,"column":61}},"10":{"start":{"line":13,"column":61},"end":{"line":13,"column":60}},"11":{"start":{"line":22,"column":2},"end":{"line":24,"column":3}},"12":{"start":{"line":23,"column":4},"end":{"line":null,"column":-1}},"13":{"start":{"line":37,"column":20},"end":{"line":37,"column":2}},"14":{"start":{"line":42,"column":2},"end":{"line":null,"column":-1}}},"fnMap":{"0":{"name":"RenderApp","decl":{"start":{"line":13,"column":9},"end":{"line":13,"column":0}},"loc":{"start":{"line":13,"column":61},"end":{"line":56,"column":1}}}},"branchMap":{"0":{"loc":{"start":{"line":14,"column":2},"end":{"line":13,"column":61}},"type":"if","locations":[{"start":{"line":14,"column":2},"end":{"line":13,"column":61}},{"start":{"line":14,"column":2},"end":{"line":13,"column":61}}]},"1":{"loc":{"start":{"line":20,"column":49},"end":{"line":20,"column":54}},"type":"binary-expr","locations":[{"start":{"line":20,"column":49},"end":{"line":20,"column":54}},{"start":{"line":20,"column":58},"end":{"line":13,"column":61}}]},"2":{"loc":{"start":{"line":22,"column":2},"end":{"line":24,"column":3}},"type":"if","locations":[{"start":{"line":22,"column":2},"end":{"line":24,"column":3}},{"start":{"line":22,"column":2},"end":{"line":24,"column":3}}]}},"s":{"0":0,"1":0,"2":0,"3":0,"4":0,"5":0,"6":0,"7":0,"8":0,"9":0,"10":0,"11":0,"12":0,"13":0,"14":0},"f":{"0":0},"b":{"0":[0,0],"1":[0,0],"2":[0,0]}}
,"D:\\gameStop\\gamestop-poc\\src\\core\\network\\config.js": {"path":"D:\\gameStop\\gamestop-poc\\src\\core\\network\\config.js","statementMap":{"0":{"start":{"line":3,"column":22},"end":{"line":3,"column":0}}},"fnMap":{},"branchMap":{},"s":{"0":0},"f":{},"b":{}}
,"D:\\gameStop\\gamestop-poc\\src\\core\\network\\index.js": {"path":"D:\\gameStop\\gamestop-poc\\src\\core\\network\\index.js","statementMap":{"0":{"start":{"line":1,"column":0},"end":{"line":null,"column":-1}},"1":{"start":{"line":3,"column":23},"end":{"line":3,"column":0}}},"fnMap":{},"branchMap":{},"s":{"0":0,"1":0},"f":{},"b":{}}
,"D:\\gameStop\\gamestop-poc\\src\\core\\network\\networkManager.js": {"path":"D:\\gameStop\\gamestop-poc\\src\\core\\network\\networkManager.js","statementMap":{"0":{"start":{"line":3,"column":0},"end":{"line":null,"column":-1}},"1":{"start":{"line":6,"column":15},"end":{"line":null,"column":-1}},"2":{"start":{"line":7,"column":2},"end":{"line":null,"column":-1}},"3":{"start":{"line":10,"column":41},"end":{"line":10,"column":40}},"4":{"start":{"line":11,"column":2},"end":{"line":null,"column":-1}},"5":{"start":{"line":14,"column":35},"end":{"line":14,"column":34}},"6":{"start":{"line":15,"column":2},"end":{"line":null,"column":-1}},"7":{"start":{"line":19,"column":2},"end":{"line":null,"column":-1}},"8":{"start":{"line":23,"column":36},"end":{"line":23,"column":35}},"9":{"start":{"line":24,"column":2},"end":{"line":null,"column":-1}},"10":{"start":{"line":28,"column":2},"end":{"line":null,"column":-1}}},"fnMap":{"0":{"name":"NetworkManagerMain","decl":{"start":{"line":6,"column":1},"end":{"line":6,"column":14}},"loc":{"start":{"line":6,"column":15},"end":{"line":8,"column":2}}}},"branchMap":{"0":{"loc":{"start":{"line":10,"column":41},"end":{"line":10,"column":19}},"type":"cond-expr","locations":[{"start":{"line":10,"column":41},"end":{"line":10,"column":19}},{"start":{"line":10,"column":20},"end":{"line":10,"column":41}}]},"1":{"loc":{"start":{"line":10,"column":41},"end":{"line":10,"column":19}},"type":"binary-expr","locations":[{"start":{"line":10,"column":41},"end":{"line":10,"column":19}},{"start":{"line":10,"column":41},"end":{"line":10,"column":19}}]},"2":{"loc":{"start":{"line":10,"column":41},"end":{"line":10,"column":36}},"type":"cond-expr","locations":[{"start":{"line":10,"column":41},"end":{"line":10,"column":36}},{"start":{"line":10,"column":37},"end":{"line":10,"column":41}}]},"3":{"loc":{"start":{"line":10,"column":41},"end":{"line":10,"column":36}},"type":"binary-expr","locations":[{"start":{"line":10,"column":41},"end":{"line":10,"column":36}},{"start":{"line":10,"column":41},"end":{"line":10,"column":36}}]},"4":{"loc":{"start":{"line":14,"column":35},"end":{"line":14,"column":30}},"type":"cond-expr","locations":[{"start":{"line":14,"column":35},"end":{"line":14,"column":30}},{"start":{"line":14,"column":31},"end":{"line":14,"column":35}}]},"5":{"loc":{"start":{"line":14,"column":35},"end":{"line":14,"column":30}},"type":"binary-expr","locations":[{"start":{"line":14,"column":35},"end":{"line":14,"column":30}},{"start":{"line":14,"column":35},"end":{"line":14,"column":30}}]},"6":{"loc":{"start":{"line":23,"column":36},"end":{"line":23,"column":31}},"type":"cond-expr","locations":[{"start":{"line":23,"column":36},"end":{"line":23,"column":31}},{"start":{"line":23,"column":32},"end":{"line":23,"column":36}}]},"7":{"loc":{"start":{"line":23,"column":36},"end":{"line":23,"column":31}},"type":"binary-expr","locations":[{"start":{"line":23,"column":36},"end":{"line":23,"column":31}},{"start":{"line":23,"column":36},"end":{"line":23,"column":31}}]}},"s":{"0":0,"1":0,"2":0,"3":0,"4":0,"5":0,"6":0,"7":0,"8":0,"9":0,"10":0},"f":{"0":0},"b":{"0":[0,0],"1":[0,0],"2":[0,0],"3":[0,0],"4":[0,0],"5":[0,0],"6":[0,0],"7":[0,0]}}
,"D:\\gameStop\\gamestop-poc\\src\\core\\network\\networkProvider.js": {"path":"D:\\gameStop\\gamestop-poc\\src\\core\\network\\networkProvider.js","statementMap":{"0":{"start":{"line":1,"column":0},"end":{"line":null,"column":-1}},"1":{"start":{"line":2,"column":0},"end":{"line":null,"column":-1}},"2":{"start":{"line":4,"column":24},"end":{"line":4,"column":0}},"3":{"start":{"line":9,"column":0},"end":{"line":null,"column":-1}}},"fnMap":{},"branchMap":{},"s":{"0":0,"1":0,"2":0,"3":0},"f":{},"b":{}}
,"D:\\gameStop\\gamestop-poc\\src\\core\\routing\\Link.js": {"path":"D:\\gameStop\\gamestop-poc\\src\\core\\routing\\Link.js","statementMap":{"0":{"start":{"line":1,"column":0},"end":{"line":null,"column":-1}},"1":{"start":{"line":2,"column":0},"end":{"line":null,"column":-1}},"2":{"start":{"line":4,"column":25},"end":{"line":4,"column":7}},"3":{"start":{"line":4,"column":25},"end":{"line":null,"column":-1}}},"fnMap":{"0":{"name":"RouteLink","decl":{"start":{"line":4,"column":13},"end":{"line":4,"column":25}},"loc":{"start":{"line":4,"column":25},"end":{"line":4,"column":7}}}},"branchMap":{},"s":{"0":0,"1":0,"2":0,"3":0},"f":{"0":0},"b":{}}
,"D:\\gameStop\\gamestop-poc\\src\\core\\routing\\ProtectedRoute.js": {"path":"D:\\gameStop\\gamestop-poc\\src\\core\\routing\\ProtectedRoute.js","statementMap":{"0":{"start":{"line":1,"column":0},"end":{"line":null,"column":-1}},"1":{"start":{"line":2,"column":0},"end":{"line":null,"column":-1}},"2":{"start":{"line":5,"column":2},"end":{"line":7,"column":3}},"3":{"start":{"line":6,"column":4},"end":{"line":null,"column":-1}},"4":{"start":{"line":8,"column":2},"end":{"line":null,"column":-1}},"5":{"start":{"line":12,"column":72},"end":{"line":11,"column":31}},"6":{"start":{"line":11,"column":31},"end":{"line":null,"column":-1}},"7":{"start":{"line":14,"column":2},"end":{"line":null,"column":-1}},"8":{"start":{"line":17,"column":19},"end":{"line":null,"column":-1}}},"fnMap":{"0":{"name":"isAccessAllowed","decl":{"start":{"line":4,"column":9},"end":{"line":4,"column":0}},"loc":{"start":{"line":4,"column":43},"end":{"line":9,"column":1}}},"1":{"name":"ProtectedRoute","decl":{"start":{"line":11,"column":9},"end":{"line":11,"column":0}},"loc":{"start":{"line":11,"column":31},"end":{"line":31,"column":1}}},"2":{"name":"render","decl":{"start":{"line":17,"column":14},"end":{"line":17,"column":13}},"loc":{"start":{"line":17,"column":19},"end":{"line":null,"column":-1}}}},"branchMap":{"0":{"loc":{"start":{"line":5,"column":2},"end":{"line":7,"column":3}},"type":"if","locations":[{"start":{"line":5,"column":2},"end":{"line":7,"column":3}},{"start":{"line":5,"column":2},"end":{"line":7,"column":3}}]},"1":{"loc":{"start":{"line":19,"column":10},"end":{"line":18,"column":8}},"type":"cond-expr","locations":[{"start":{"line":19,"column":10},"end":{"line":18,"column":8}},{"start":{"line":21,"column":12},"end":{"line":17,"column":19}}]},"2":{"loc":{"start":{"line":19,"column":22},"end":{"line":19,"column":19}},"type":"cond-expr","locations":[{"start":{"line":19,"column":22},"end":{"line":19,"column":19}},{"start":{"line":19,"column":49},"end":{"line":18,"column":8}}]}},"s":{"0":0,"1":0,"2":0,"3":0,"4":0,"5":0,"6":0,"7":0,"8":0},"f":{"0":0,"1":0,"2":0},"b":{"0":[0,0],"1":[0,0],"2":[0,0]}}
,"D:\\gameStop\\gamestop-poc\\src\\core\\routing\\index.js": {"path":"D:\\gameStop\\gamestop-poc\\src\\core\\routing\\index.js","statementMap":{"0":{"start":{"line":1,"column":0},"end":{"line":null,"column":-1}},"1":{"start":{"line":2,"column":0},"end":{"line":null,"column":-1}},"2":{"start":{"line":30,"column":0},"end":{"line":null,"column":-1}},"3":{"start":{"line":3,"column":0},"end":{"line":null,"column":-1}},"4":{"start":{"line":7,"column":4},"end":{"line":null,"column":-1}},"5":{"start":{"line":8,"column":41},"end":{"line":7,"column":37}},"6":{"start":{"line":7,"column":37},"end":{"line":null,"column":-1}},"7":{"start":{"line":9,"column":8},"end":{"line":18,"column":9}},"8":{"start":{"line":10,"column":10},"end":{"line":null,"column":-1}},"9":{"start":{"line":20,"column":8},"end":{"line":null,"column":-1}}},"fnMap":{"0":{"name":"(anonymous_0)","decl":{"start":{"line":30,"column":0},"end":{"line":null,"column":-1}},"loc":{"start":{"line":30,"column":0},"end":{"line":null,"column":-1}}},"1":{"name":"renderRoutes","decl":{"start":{"line":5,"column":16},"end":{"line":5,"column":7}},"loc":{"start":{"line":5,"column":44},"end":{"line":28,"column":1}}},"2":{"name":"(anonymous_8)","decl":{"start":{"line":7,"column":23},"end":{"line":7,"column":23}},"loc":{"start":{"line":7,"column":37},"end":{"line":7,"column":12}}}},"branchMap":{"0":{"loc":{"start":{"line":30,"column":0},"end":{"line":null,"column":-1}},"type":"if","locations":[{"start":{"line":30,"column":0},"end":{"line":null,"column":-1}},{"start":{"line":30,"column":0},"end":{"line":null,"column":-1}}]},"1":{"loc":{"start":{"line":9,"column":8},"end":{"line":18,"column":9}},"type":"if","locations":[{"start":{"line":9,"column":8},"end":{"line":18,"column":9}},{"start":{"line":9,"column":8},"end":{"line":18,"column":9}}]}},"s":{"0":0,"1":0,"2":0,"3":0,"4":0,"5":0,"6":0,"7":0,"8":0,"9":0},"f":{"0":0,"1":0,"2":0},"b":{"0":[0,0],"1":[0,0]}}
,"D:\\gameStop\\gamestop-poc\\src\\core\\store\\store.js": {"path":"D:\\gameStop\\gamestop-poc\\src\\core\\store\\store.js","statementMap":{"0":{"start":{"line":1,"column":0},"end":{"line":null,"column":-1}},"1":{"start":{"line":2,"column":0},"end":{"line":null,"column":-1}},"2":{"start":{"line":5,"column":23},"end":{"line":5,"column":0}},"3":{"start":{"line":8,"column":18},"end":{"line":null,"column":-1}},"4":{"start":{"line":9,"column":8},"end":{"line":null,"column":-1}},"5":{"start":{"line":16,"column":12},"end":{"line":15,"column":8}},"6":{"start":{"line":17,"column":25},"end":{"line":17,"column":8}},"7":{"start":{"line":23,"column":8},"end":{"line":null,"column":-1}},"8":{"start":{"line":24,"column":12},"end":{"line":null,"column":-1}},"9":{"start":{"line":27,"column":8},"end":{"line":null,"column":-1}},"10":{"start":{"line":29,"column":8},"end":{"line":null,"column":-1}},"11":{"start":{"line":30,"column":8},"end":{"line":null,"column":-1}},"12":{"start":{"line":34,"column":8},"end":{"line":36,"column":9}},"13":{"start":{"line":35,"column":12},"end":{"line":null,"column":-1}},"14":{"start":{"line":37,"column":8},"end":{"line":null,"column":-1}},"15":{"start":{"line":41,"column":14},"end":{"line":41,"column":0}}},"fnMap":{"0":{"name":"Store","decl":{"start":{"line":8,"column":4},"end":{"line":8,"column":17}},"loc":{"start":{"line":8,"column":18},"end":{"line":10,"column":5}}},"1":{"name":"(anonymous_7)","decl":{"start":{"line":23,"column":31},"end":{"line":23,"column":36}},"loc":{"start":{"line":23,"column":37},"end":{"line":23,"column":8}}}},"branchMap":{"0":{"loc":{"start":{"line":16,"column":12},"end":{"line":16,"column":11}},"type":"binary-expr","locations":[{"start":{"line":16,"column":12},"end":{"line":16,"column":11}},{"start":{"line":16,"column":59},"end":{"line":15,"column":8}}]},"1":{"loc":{"start":{"line":34,"column":8},"end":{"line":36,"column":9}},"type":"if","locations":[{"start":{"line":34,"column":8},"end":{"line":36,"column":9}},{"start":{"line":34,"column":8},"end":{"line":36,"column":9}}]}},"s":{"0":0,"1":0,"2":0,"3":0,"4":0,"5":0,"6":0,"7":0,"8":0,"9":0,"10":0,"11":0,"12":0,"13":0,"14":0,"15":0},"f":{"0":0,"1":0},"b":{"0":[0,0],"1":[0,0]}}
,"D:\\gameStop\\gamestop-poc\\src\\services\\guidedAudit\\guidedActionConstants.js": {"path":"D:\\gameStop\\gamestop-poc\\src\\services\\guidedAudit\\guidedActionConstants.js","statementMap":{"0":{"start":{"line":1,"column":27},"end":{"line":1,"column":0}}},"fnMap":{},"branchMap":{},"s":{"0":0},"f":{},"b":{}}
,"D:\\gameStop\\gamestop-poc\\src\\services\\guidedAudit\\guidedActions.js": {"path":"D:\\gameStop\\gamestop-poc\\src\\services\\guidedAudit\\guidedActions.js","statementMap":{"0":{"start":{"line":1,"column":2},"end":{"line":null,"column":-1}},"1":{"start":{"line":4,"column":4},"end":{"line":null,"column":-1}}},"fnMap":{"0":{"name":"fetchGuidedAuditData","decl":{"start":{"line":3,"column":18},"end":{"line":3,"column":9}},"loc":{"start":{"line":3,"column":41},"end":{"line":7,"column":3}}}},"branchMap":{},"s":{"0":0,"1":0},"f":{"0":0},"b":{}}
,"D:\\gameStop\\gamestop-poc\\src\\services\\guidedAudit\\guidedAuditApi.js": {"path":"D:\\gameStop\\gamestop-poc\\src\\services\\guidedAudit\\guidedAuditApi.js","statementMap":{"0":{"start":{"line":1,"column":0},"end":{"line":null,"column":-1}},"1":{"start":{"line":4,"column":4},"end":{"line":3,"column":37}}},"fnMap":{"0":{"name":"getGuidedAuditData","decl":{"start":{"line":3,"column":16},"end":{"line":3,"column":7}},"loc":{"start":{"line":3,"column":37},"end":{"line":9,"column":1}}}},"branchMap":{},"s":{"0":0,"1":0},"f":{"0":0},"b":{}}
,"D:\\gameStop\\gamestop-poc\\src\\services\\guidedAudit\\guidedReducer.js": {"path":"D:\\gameStop\\gamestop-poc\\src\\services\\guidedAudit\\guidedReducer.js","statementMap":{"0":{"start":{"line":1,"column":0},"end":{"line":null,"column":-1}},"1":{"start":{"line":4,"column":21},"end":{"line":4,"column":0}},"2":{"start":{"line":9,"column":68},"end":{"line":9,"column":67}},"3":{"start":{"line":9,"column":68},"end":{"line":null,"column":-1}},"4":{"start":{"line":10,"column":4},"end":{"line":null,"column":-1}},"5":{"start":{"line":12,"column":12},"end":{"line":null,"column":-1}},"6":{"start":{"line":18,"column":12},"end":{"line":null,"column":-1}},"7":{"start":{"line":25,"column":12},"end":{"line":null,"column":-1}}},"fnMap":{"0":{"name":"guidedReducer","decl":{"start":{"line":9,"column":24},"end":{"line":9,"column":15}},"loc":{"start":{"line":9,"column":68},"end":{"line":27,"column":1}}}},"branchMap":{"0":{"loc":{"start":{"line":9,"column":68},"end":{"line":9,"column":45}},"type":"cond-expr","locations":[{"start":{"line":9,"column":68},"end":{"line":9,"column":45}},{"start":{"line":9,"column":46},"end":{"line":9,"column":68}}]},"1":{"loc":{"start":{"line":9,"column":68},"end":{"line":9,"column":45}},"type":"binary-expr","locations":[{"start":{"line":9,"column":68},"end":{"line":9,"column":45}},{"start":{"line":9,"column":68},"end":{"line":9,"column":45}}]},"2":{"loc":{"start":{"line":9,"column":68},"end":{"line":null,"column":-1}},"type":"cond-expr","locations":[{"start":{"line":9,"column":68},"end":{"line":null,"column":-1}},{"start":{"line":9,"column":68},"end":{"line":null,"column":-1}}]},"3":{"loc":{"start":{"line":11,"column":8},"end":{"line":12,"column":12}},"type":"switch","locations":[{"start":{"line":11,"column":8},"end":{"line":12,"column":12}},{"start":{"line":17,"column":8},"end":{"line":18,"column":12}},{"start":{"line":24,"column":6},"end":{"line":25,"column":12}}]}},"s":{"0":0,"1":0,"2":0,"3":0,"4":0,"5":0,"6":0,"7":0},"f":{"0":0},"b":{"0":[0,0],"1":[0,0],"2":[0,0],"3":[0,0,0]}}
,"D:\\gameStop\\gamestop-poc\\src\\services\\rootReducer\\rootReducer.js": {"path":"D:\\gameStop\\gamestop-poc\\src\\services\\rootReducer\\rootReducer.js","statementMap":{"0":{"start":{"line":1,"column":0},"end":{"line":null,"column":-1}},"1":{"start":{"line":2,"column":0},"end":{"line":null,"column":-1}}},"fnMap":{},"branchMap":{},"s":{"0":0,"1":0},"f":{},"b":{}}
,"D:\\gameStop\\gamestop-poc\\src\\services\\sagas\\guidedAuditSaga.js": {"path":"D:\\gameStop\\gamestop-poc\\src\\services\\sagas\\guidedAuditSaga.js","statementMap":{"0":{"start":{"line":2,"column":0},"end":{"line":null,"column":-1}},"1":{"start":{"line":3,"column":0},"end":{"line":null,"column":-1}},"2":{"start":{"line":4,"column":0},"end":{"line":null,"column":-1}},"3":{"start":{"line":6,"column":7},"end":{"line":null,"column":-1}},"4":{"start":{"line":7,"column":2},"end":{"line":null,"column":-1}},"5":{"start":{"line":10,"column":0},"end":{"line":null,"column":-1}},"6":{"start":{"line":11,"column":28},"end":{"line":null,"column":-1}},"7":{"start":{"line":12,"column":4},"end":{"line":null,"column":-1}},"8":{"start":{"line":11,"column":10},"end":{"line":10,"column":0}},"9":{"start":{"line":14,"column":2},"end":{"line":null,"column":-1}}},"fnMap":{"0":{"name":"fetchGuidedAuditDataSaga","decl":{"start":{"line":6,"column":17},"end":{"line":6,"column":7}},"loc":{"start":{"line":6,"column":7},"end":{"line":null,"column":-1}}},"1":{"name":"fetchGuidedAuditDataSaga$","decl":{"start":{"line":6,"column":7},"end":{"line":null,"column":-1}},"loc":{"start":{"line":6,"column":7},"end":{"line":null,"column":-1}}},"2":{"name":"fetchGuidedAuditData","decl":{"start":{"line":10,"column":10},"end":{"line":10,"column":0}},"loc":{"start":{"line":10,"column":0},"end":{"line":null,"column":-1}}},"3":{"name":"fetchGuidedAuditData$","decl":{"start":{"line":10,"column":0},"end":{"line":null,"column":-1}},"loc":{"start":{"line":10,"column":0},"end":{"line":null,"column":-1}}},"4":{"name":"(anonymous_5)","decl":{"start":{"line":11,"column":39},"end":{"line":11,"column":44}},"loc":{"start":{"line":11,"column":45},"end":{"line":11,"column":34}}}},"branchMap":{"0":{"loc":{"start":{"line":6,"column":7},"end":{"line":7,"column":2}},"type":"switch","locations":[{"start":{"line":6,"column":7},"end":{"line":7,"column":2}},{"start":{"line":6,"column":7},"end":{"line":null,"column":-1}},{"start":{"line":6,"column":7},"end":{"line":null,"column":-1}}]},"1":{"loc":{"start":{"line":10,"column":0},"end":{"line":11,"column":28}},"type":"switch","locations":[{"start":{"line":10,"column":0},"end":{"line":11,"column":28}},{"start":{"line":10,"column":0},"end":{"line":14,"column":2}},{"start":{"line":10,"column":0},"end":{"line":null,"column":-1}},{"start":{"line":10,"column":0},"end":{"line":null,"column":-1}}]}},"s":{"0":0,"1":0,"2":0,"3":0,"4":0,"5":0,"6":0,"7":0,"8":0,"9":0},"f":{"0":0,"1":0,"2":0,"3":0,"4":0},"b":{"0":[0,0,0],"1":[0,0,0,0]}}
,"D:\\gameStop\\gamestop-poc\\src\\services\\sagas\\index.js": {"path":"D:\\gameStop\\gamestop-poc\\src\\services\\sagas\\index.js","statementMap":{"0":{"start":{"line":1,"column":0},"end":{"line":null,"column":-1}},"1":{"start":{"line":2,"column":0},"end":{"line":null,"column":-1}},"2":{"start":{"line":6,"column":0},"end":{"line":null,"column":-1}},"3":{"start":{"line":7,"column":2},"end":{"line":null,"column":-1}}},"fnMap":{"0":{"name":"rootSaga","decl":{"start":{"line":6,"column":10},"end":{"line":6,"column":0}},"loc":{"start":{"line":6,"column":0},"end":{"line":null,"column":-1}}},"1":{"name":"rootSaga$","decl":{"start":{"line":6,"column":0},"end":{"line":null,"column":-1}},"loc":{"start":{"line":6,"column":0},"end":{"line":null,"column":-1}}}},"branchMap":{"0":{"loc":{"start":{"line":6,"column":0},"end":{"line":7,"column":2}},"type":"switch","locations":[{"start":{"line":6,"column":0},"end":{"line":7,"column":2}},{"start":{"line":6,"column":0},"end":{"line":null,"column":-1}},{"start":{"line":6,"column":0},"end":{"line":null,"column":-1}}]}},"s":{"0":0,"1":0,"2":0,"3":0},"f":{"0":0,"1":0},"b":{"0":[0,0,0]}}
}
