TN:
SF:D:\gameStop\gamestop-poc\src\App.js
FNF:0
FNH:0
DA:1,0
DA:2,0
DA:3,0
DA:4,0
DA:5,0
DA:6,0
DA:7,0
DA:9,0
DA:13,0
DA:19,0
DA:21,0
DA:30,0
LF:12
LH:0
BRF:0
BRH:0
end_of_record
TN:
SF:D:\gameStop\gamestop-poc\src\index.js
FNF:0
FNH:0
DA:1,0
DA:2,0
DA:3,0
DA:5,0
DA:6,0
DA:8,0
DA:9,0
DA:11,0
DA:30,0
LF:9
LH:0
BRF:0
BRH:0
end_of_record
TN:
SF:D:\gameStop\gamestop-poc\src\routes.js
FN:5,accessIf
FNF:1
FNH:0
FNDA:0,accessIf
DA:1,0
DA:2,0
DA:3,0
DA:5,0
DA:6,0
DA:8,0
DA:12,0
LF:7
LH:0
BRDA:8,0,0,0
BRDA:8,0,1,0
BRF:2
BRH:0
end_of_record
TN:
SF:D:\gameStop\gamestop-poc\src\serviceWorker.js
FN:23,register
FN:34,(anonymous_1)
FN:43,(anonymous_2)
FN:57,registerValidSW
FN:60,(anonymous_4)
FN:61,(anonymous_5)
FN:66,(anonymous_6)
FN:96,(anonymous_7)
FN:101,checkValidServiceWorker
FN:104,(anonymous_9)
FN:112,(anonymous_10)
FN:113,(anonymous_11)
FN:122,(anonymous_12)
FN:129,unregister
FN:131,(anonymous_14)
FNF:15
FNH:0
FNDA:0,register
FNDA:0,(anonymous_1)
FNDA:0,(anonymous_2)
FNDA:0,registerValidSW
FNDA:0,(anonymous_4)
FNDA:0,(anonymous_5)
FNDA:0,(anonymous_6)
FNDA:0,(anonymous_7)
FNDA:0,checkValidServiceWorker
FNDA:0,(anonymous_9)
FNDA:0,(anonymous_10)
FNDA:0,(anonymous_11)
FNDA:0,(anonymous_12)
FNDA:0,unregister
FNDA:0,(anonymous_14)
DA:13,0
DA:24,0
DA:26,0
DA:27,0
DA:31,0
DA:34,0
DA:35,0
DA:37,0
DA:39,0
DA:43,0
DA:44,0
DA:51,0
DA:58,0
DA:61,0
DA:62,0
DA:63,0
DA:64,0
DA:66,0
DA:67,0
DA:68,0
DA:72,0
DA:78,0
DA:79,0
DA:85,0
DA:88,0
DA:89,0
DA:97,0
DA:103,0
DA:106,0
DA:107,0
DA:112,0
DA:113,0
DA:114,0
DA:119,0
DA:123,0
DA:130,0
DA:131,0
DA:132,0
LF:38
LH:0
BRDA:14,0,0,0
BRDA:14,0,1,0
BRDA:14,0,2,0
BRDA:24,1,0,0
BRDA:24,1,1,0
BRDA:24,2,0,0
BRDA:24,2,1,0
BRDA:27,3,0,0
BRDA:27,3,1,0
BRDA:37,4,0,0
BRDA:37,4,1,0
BRDA:63,5,0,0
BRDA:63,5,1,0
BRDA:67,6,0,0
BRDA:67,6,1,0
BRDA:68,7,0,0
BRDA:68,7,1,0
BRDA:78,8,0,0
BRDA:78,8,1,0
BRDA:78,9,0,0
BRDA:78,9,1,0
BRDA:88,10,0,0
BRDA:88,10,1,0
BRDA:88,11,0,0
BRDA:88,11,1,0
BRDA:107,12,0,0
BRDA:107,12,1,0
BRDA:108,13,0,0
BRDA:108,13,1,0
BRDA:108,13,2,0
BRDA:130,14,0,0
BRDA:130,14,1,0
BRF:32
BRH:0
end_of_record
TN:
SF:D:\gameStop\gamestop-poc\src\components\Dashboard.js
FNF:0
FNH:0
DA:1,0
DA:2,0
DA:6,0
DA:12,0
LF:4
LH:0
BRF:0
BRH:0
end_of_record
TN:
SF:D:\gameStop\gamestop-poc\src\components\Home.js
FN:9,Home
FN:88,mapStateToProps
FN:94,mapDispatchToProps
FN:95,fetchGuidedAudtData
FNF:4
FNH:0
FNDA:0,Home
FNDA:0,mapStateToProps
FNDA:0,mapDispatchToProps
FNDA:0,fetchGuidedAudtData
DA:1,0
DA:2,0
DA:3,0
DA:4,0
DA:5,0
DA:9,0
DA:10,0
DA:12,0
DA:75,0
DA:80,0
DA:88,0
DA:94,0
DA:95,0
LF:13
LH:0
BRF:0
BRH:0
end_of_record
TN:
SF:D:\gameStop\gamestop-poc\src\components\PageBodyContainer.jsx
FN:16,PageBodyContainer
FN:103,mapStateToProps
FNF:2
FNH:0
FNDA:0,PageBodyContainer
FNDA:0,mapStateToProps
DA:2,0
DA:3,0
DA:4,0
DA:5,0
DA:6,0
DA:7,0
DA:8,0
DA:10,0
DA:16,0
DA:17,0
DA:19,0
DA:80,0
DA:85,0
DA:89,0
DA:93,0
DA:103,0
LF:16
LH:0
BRF:0
BRH:0
end_of_record
TN:
SF:D:\gameStop\gamestop-poc\src\components\Transaction\Transaction.jsx
FNF:0
FNH:0
DA:1,0
DA:2,0
DA:6,0
DA:12,0
LF:4
LH:0
BRF:0
BRH:0
end_of_record
TN:
SF:D:\gameStop\gamestop-poc\src\components\shared\filter\Filter.jsx
FN:25,Filter
FN:39,(anonymous_22)
FN:45,(anonymous_23)
FNF:3
FNH:0
FNDA:0,Filter
FNDA:0,(anonymous_22)
FNDA:0,(anonymous_23)
DA:1,0
DA:2,0
DA:3,0
DA:4,0
DA:5,0
DA:7,0
DA:20,0
DA:25,0
DA:26,0
DA:27,0
DA:30,0
DA:33,0
DA:40,0
DA:46,0
DA:53,0
LF:15
LH:0
BRDA:60,0,0,0
BRDA:60,0,1,0
BRF:2
BRH:0
end_of_record
TN:
SF:D:\gameStop\gamestop-poc\src\components\shared\filter\FilterContent.js
FN:6,FilterContent
FNF:1
FNH:0
FNDA:0,FilterContent
DA:1,0
DA:2,0
DA:3,0
DA:6,0
DA:10,0
LF:5
LH:0
BRF:0
BRH:0
end_of_record
TN:
SF:D:\gameStop\gamestop-poc\src\components\shared\footer\Footer.jsx
FNF:0
FNH:0
DA:1,0
DA:2,0
DA:4,0
DA:18,0
LF:4
LH:0
BRF:0
BRH:0
end_of_record
TN:
SF:D:\gameStop\gamestop-poc\src\components\shared\formUtility\Button.js
FN:5,setButtonStyle
FN:28,(anonymous_23)
FNF:2
FNH:0
FNDA:0,setButtonStyle
FNDA:0,(anonymous_23)
DA:1,0
DA:2,0
DA:3,0
DA:5,0
DA:6,0
DA:8,0
DA:13,0
DA:18,0
DA:25,0
DA:28,0
DA:32,0
DA:33,0
DA:34,0
LF:13
LH:0
BRDA:7,0,0,0
BRDA:7,0,1,0
BRDA:7,0,2,0
BRF:3
BRH:0
end_of_record
TN:
SF:D:\gameStop\gamestop-poc\src\components\shared\formUtility\Input.js
FN:12,InputUi
FNF:1
FNH:0
FNDA:0,InputUi
DA:1,0
DA:2,0
DA:3,0
DA:5,0
DA:12,0
LF:5
LH:0
BRF:0
BRH:0
end_of_record
TN:
SF:D:\gameStop\gamestop-poc\src\components\shared\grid\TableConstant.js
FNF:0
FNH:0
DA:16,0
DA:22,0
DA:27,0
LF:3
LH:0
BRF:0
BRH:0
end_of_record
TN:
SF:D:\gameStop\gamestop-poc\src\components\shared\grid\TableFormatter.js
FN:1,AuditStatus
FNF:1
FNH:0
FNDA:0,AuditStatus
DA:1,0
LF:1
LH:0
BRDA:1,0,0,0
BRDA:1,0,1,0
BRF:2
BRH:0
end_of_record
TN:
SF:D:\gameStop\gamestop-poc\src\components\shared\grid\TableHeader.jsx
FN:57,TableHeader
FN:94,(anonymous_23)
FN:96,onClick
FNF:3
FNH:0
FNDA:0,TableHeader
FNDA:0,(anonymous_23)
FNDA:0,onClick
DA:1,0
DA:2,0
DA:3,0
DA:4,0
DA:6,0
DA:57,0
DA:58,0
DA:59,0
DA:65,0
DA:66,0
DA:70,0
DA:71,0
DA:73,0
DA:74,0
DA:75,0
DA:79,0
DA:80,0
DA:81,0
DA:82,0
DA:83,0
DA:85,0
DA:90,0
DA:92,0
DA:95,0
DA:96,0
DA:110,0
DA:115,0
LF:27
LH:0
BRDA:70,0,0,0
BRDA:70,0,1,0
BRDA:73,1,0,0
BRDA:73,1,1,0
BRDA:80,2,0,0
BRDA:80,2,1,0
BRDA:80,3,0,0
BRDA:80,3,1,0
BRDA:82,4,0,0
BRDA:82,4,1,0
BRDA:82,5,0,0
BRDA:82,5,1,0
BRDA:98,6,0,0
BRDA:98,6,1,0
BRF:14
BRH:0
end_of_record
TN:
SF:D:\gameStop\gamestop-poc\src\components\shared\grid\TableMain.jsx
FNF:0
FNH:0
DA:1,0
DA:2,0
DA:3,0
DA:4,0
DA:5,0
DA:6,0
DA:8,0
DA:51,0
DA:63,0
DA:69,0
LF:10
LH:0
BRF:0
BRH:0
end_of_record
TN:
SF:D:\gameStop\gamestop-poc\src\components\shared\grid\TablePagination.jsx
FN:8,TablePagination
FNF:1
FNH:0
FNDA:0,TablePagination
DA:1,0
DA:2,0
DA:3,0
DA:4,0
DA:8,0
DA:9,0
DA:10,0
DA:16,0
LF:8
LH:0
BRF:0
BRH:0
end_of_record
TN:
SF:D:\gameStop\gamestop-poc\src\components\shared\grid\TableView.jsx
FN:51,(anonymous_22)
FN:54,(anonymous_23)
FNF:2
FNH:0
FNDA:0,(anonymous_22)
FNDA:0,(anonymous_23)
DA:1,0
DA:2,0
DA:3,0
DA:4,0
DA:5,0
DA:7,0
DA:31,0
DA:33,0
DA:38,0
DA:43,0
DA:46,0
DA:47,0
DA:52,0
DA:55,0
LF:14
LH:0
BRDA:32,0,0,0
BRDA:32,0,1,0
BRDA:32,0,2,0
BRF:3
BRH:0
end_of_record
TN:
SF:D:\gameStop\gamestop-poc\src\components\shared\grid\cells\CellWithClass.jsx
FNF:0
FNH:0
DA:1,0
DA:2,0
DA:3,0
DA:4,0
DA:6,0
DA:32,0
DA:33,0
DA:36,0
LF:8
LH:0
BRDA:39,0,0,0
BRDA:39,0,1,0
BRF:2
BRH:0
end_of_record
TN:
SF:D:\gameStop\gamestop-poc\src\components\shared\grid\cells\CustomCell.jsx
FNF:0
FNH:0
DA:1,0
LF:1
LH:0
BRF:0
BRH:0
end_of_record
TN:
SF:D:\gameStop\gamestop-poc\src\components\shared\grid\cells\TextCell.jsx
FNF:0
FNH:0
DA:1,0
DA:2,0
DA:7,0
DA:15,0
DA:21,0
LF:5
LH:0
BRDA:9,0,0,0
BRDA:9,0,1,0
BRF:2
BRH:0
end_of_record
TN:
SF:D:\gameStop\gamestop-poc\src\components\shared\header\Header.jsx
FNF:0
FNH:0
DA:1,0
DA:2,0
DA:3,0
DA:4,0
DA:5,0
DA:7,0
DA:17,0
DA:24,0
LF:8
LH:0
BRF:0
BRH:0
end_of_record
TN:
SF:D:\gameStop\gamestop-poc\src\components\shared\header\PageHeading.jsx
FNF:0
FNH:0
DA:1,0
DA:2,0
DA:3,0
DA:5,0
DA:21,0
LF:5
LH:0
BRF:0
BRH:0
end_of_record
TN:
SF:D:\gameStop\gamestop-poc\src\components\shared\header\UserInfo.jsx
FNF:0
FNH:0
DA:2,0
DA:3,0
DA:4,0
DA:6,0
DA:29,0
LF:5
LH:0
BRF:0
BRH:0
end_of_record
TN:
SF:D:\gameStop\gamestop-poc\src\components\shared\modal\ModalCss.js
FNF:0
FNH:0
DA:1,0
DA:2,0
DA:4,0
DA:13,0
DA:29,0
DA:52,0
DA:57,0
DA:72,0
DA:85,0
DA:97,0
LF:10
LH:0
BRF:0
BRH:0
end_of_record
TN:
SF:D:\gameStop\gamestop-poc\src\components\shared\modal\ModalFooter.js
FN:4,ModalFooter
FNF:1
FNH:0
FNDA:0,ModalFooter
DA:1,0
DA:2,0
DA:4,0
LF:3
LH:0
BRF:0
BRH:0
end_of_record
TN:
SF:D:\gameStop\gamestop-poc\src\components\shared\modal\ModalHeader.js
FN:4,ModalHeader
FNF:1
FNH:0
FNDA:0,ModalHeader
DA:1,0
DA:2,0
DA:4,0
LF:3
LH:0
BRF:0
BRH:0
end_of_record
TN:
SF:D:\gameStop\gamestop-poc\src\components\shared\modal\ModalWrapper.js
FN:7,Modal
FNF:1
FNH:0
FNDA:0,Modal
DA:1,0
DA:2,0
DA:3,0
DA:4,0
DA:5,0
DA:7,0
DA:8,0
LF:7
LH:0
BRF:0
BRH:0
end_of_record
TN:
SF:D:\gameStop\gamestop-poc\src\components\shared\nav\LeftNav.jsx
FNF:0
FNH:0
DA:1,0
DA:2,0
DA:3,0
DA:4,0
DA:5,0
DA:7,0
DA:78,0
LF:7
LH:0
BRF:0
BRH:0
end_of_record
TN:
SF:D:\gameStop\gamestop-poc\src\components\shared\nav\NavTop.jsx
FNF:0
FNH:0
DA:2,0
DA:3,0
DA:5,0
DA:31,0
LF:4
LH:0
BRF:0
BRH:0
end_of_record
TN:
SF:D:\gameStop\gamestop-poc\src\components\shared\theming\Theming.js
FNF:0
FNH:0
DA:1,0
LF:1
LH:0
BRF:0
BRH:0
end_of_record
TN:
SF:D:\gameStop\gamestop-poc\src\constants\appConstants.js
FNF:0
FNH:0
DA:16,0
LF:1
LH:0
BRF:0
BRH:0
end_of_record
TN:
SF:D:\gameStop\gamestop-poc\src\core\connect.js
FN:3,connectToStore
FNF:1
FNH:0
FNDA:0,connectToStore
DA:1,0
DA:4,0
LF:2
LH:0
BRF:0
BRH:0
end_of_record
TN:
SF:D:\gameStop\gamestop-poc\src\core\coreUtility.js
FNF:0
FNH:0
DA:1,0
DA:2,0
DA:3,0
DA:5,0
DA:6,0
DA:7,0
DA:8,0
DA:12,0
LF:8
LH:0
BRF:0
BRH:0
end_of_record
TN:
SF:D:\gameStop\gamestop-poc\src\core\renderApp.js
FN:13,RenderApp
FNF:1
FNH:0
FNDA:0,RenderApp
DA:1,0
DA:2,0
DA:3,0
DA:5,0
DA:6,0
DA:8,0
DA:13,0
DA:14,0
DA:15,0
DA:19,0
DA:20,0
DA:22,0
DA:23,0
DA:37,0
DA:42,0
LF:15
LH:0
BRDA:14,0,0,0
BRDA:14,0,1,0
BRDA:20,1,0,0
BRDA:20,1,1,0
BRDA:22,2,0,0
BRDA:22,2,1,0
BRF:6
BRH:0
end_of_record
TN:
SF:D:\gameStop\gamestop-poc\src\core\network\config.js
FNF:0
FNH:0
DA:3,0
LF:1
LH:0
BRF:0
BRH:0
end_of_record
TN:
SF:D:\gameStop\gamestop-poc\src\core\network\index.js
FNF:0
FNH:0
DA:1,0
DA:3,0
LF:2
LH:0
BRF:0
BRH:0
end_of_record
TN:
SF:D:\gameStop\gamestop-poc\src\core\network\networkManager.js
FN:6,NetworkManagerMain
FNF:1
FNH:0
FNDA:0,NetworkManagerMain
DA:3,0
DA:6,0
DA:7,0
DA:10,0
DA:11,0
DA:14,0
DA:15,0
DA:19,0
DA:23,0
DA:24,0
DA:28,0
LF:11
LH:0
BRDA:10,0,0,0
BRDA:10,0,1,0
BRDA:10,1,0,0
BRDA:10,1,1,0
BRDA:10,2,0,0
BRDA:10,2,1,0
BRDA:10,3,0,0
BRDA:10,3,1,0
BRDA:14,4,0,0
BRDA:14,4,1,0
BRDA:14,5,0,0
BRDA:14,5,1,0
BRDA:23,6,0,0
BRDA:23,6,1,0
BRDA:23,7,0,0
BRDA:23,7,1,0
BRF:16
BRH:0
end_of_record
TN:
SF:D:\gameStop\gamestop-poc\src\core\network\networkProvider.js
FNF:0
FNH:0
DA:1,0
DA:2,0
DA:4,0
DA:9,0
LF:4
LH:0
BRF:0
BRH:0
end_of_record
TN:
SF:D:\gameStop\gamestop-poc\src\core\routing\Link.js
FN:4,RouteLink
FNF:1
FNH:0
FNDA:0,RouteLink
DA:1,0
DA:2,0
DA:4,0
LF:3
LH:0
BRF:0
BRH:0
end_of_record
TN:
SF:D:\gameStop\gamestop-poc\src\core\routing\ProtectedRoute.js
FN:4,isAccessAllowed
FN:11,ProtectedRoute
FN:17,render
FNF:3
FNH:0
FNDA:0,isAccessAllowed
FNDA:0,ProtectedRoute
FNDA:0,render
DA:1,0
DA:2,0
DA:5,0
DA:6,0
DA:8,0
DA:11,0
DA:12,0
DA:14,0
DA:17,0
LF:9
LH:0
BRDA:5,0,0,0
BRDA:5,0,1,0
BRDA:19,1,0,0
BRDA:19,1,1,0
BRDA:19,2,0,0
BRDA:19,2,1,0
BRF:6
BRH:0
end_of_record
TN:
SF:D:\gameStop\gamestop-poc\src\core\routing\index.js
FN:30,(anonymous_0)
FN:5,renderRoutes
FN:7,(anonymous_8)
FNF:3
FNH:0
FNDA:0,(anonymous_0)
FNDA:0,renderRoutes
FNDA:0,(anonymous_8)
DA:1,0
DA:2,0
DA:3,0
DA:7,0
DA:8,0
DA:9,0
DA:10,0
DA:20,0
DA:30,0
LF:9
LH:0
BRDA:30,0,0,0
BRDA:30,0,1,0
BRDA:9,1,0,0
BRDA:9,1,1,0
BRF:4
BRH:0
end_of_record
TN:
SF:D:\gameStop\gamestop-poc\src\core\store\store.js
FN:8,Store
FN:23,(anonymous_7)
FNF:2
FNH:0
FNDA:0,Store
FNDA:0,(anonymous_7)
DA:1,0
DA:2,0
DA:5,0
DA:8,0
DA:9,0
DA:16,0
DA:17,0
DA:23,0
DA:24,0
DA:27,0
DA:29,0
DA:30,0
DA:34,0
DA:35,0
DA:37,0
DA:41,0
LF:16
LH:0
BRDA:16,0,0,0
BRDA:16,0,1,0
BRDA:34,1,0,0
BRDA:34,1,1,0
BRF:4
BRH:0
end_of_record
TN:
SF:D:\gameStop\gamestop-poc\src\services\guidedAudit\guidedActionConstants.js
FNF:0
FNH:0
DA:1,0
LF:1
LH:0
BRF:0
BRH:0
end_of_record
TN:
SF:D:\gameStop\gamestop-poc\src\services\guidedAudit\guidedActions.js
FN:3,fetchGuidedAuditData
FNF:1
FNH:0
FNDA:0,fetchGuidedAuditData
DA:1,0
DA:4,0
LF:2
LH:0
BRF:0
BRH:0
end_of_record
TN:
SF:D:\gameStop\gamestop-poc\src\services\guidedAudit\guidedAuditApi.js
FN:3,getGuidedAuditData
FNF:1
FNH:0
FNDA:0,getGuidedAuditData
DA:1,0
DA:4,0
LF:2
LH:0
BRF:0
BRH:0
end_of_record
TN:
SF:D:\gameStop\gamestop-poc\src\services\guidedAudit\guidedReducer.js
FN:9,guidedReducer
FNF:1
FNH:0
FNDA:0,guidedReducer
DA:1,0
DA:4,0
DA:9,0
DA:10,0
DA:12,0
DA:18,0
DA:25,0
LF:7
LH:0
BRDA:9,0,0,0
BRDA:9,0,1,0
BRDA:9,1,0,0
BRDA:9,1,1,0
BRDA:9,2,0,0
BRDA:9,2,1,0
BRDA:11,3,0,0
BRDA:11,3,1,0
BRDA:11,3,2,0
BRF:9
BRH:0
end_of_record
TN:
SF:D:\gameStop\gamestop-poc\src\services\rootReducer\rootReducer.js
FNF:0
FNH:0
DA:1,0
DA:2,0
LF:2
LH:0
BRF:0
BRH:0
end_of_record
TN:
SF:D:\gameStop\gamestop-poc\src\services\sagas\guidedAuditSaga.js
FN:6,fetchGuidedAuditDataSaga
FN:6,fetchGuidedAuditDataSaga$
FN:10,fetchGuidedAuditData
FN:10,fetchGuidedAuditData$
FN:11,(anonymous_5)
FNF:5
FNH:0
FNDA:0,fetchGuidedAuditDataSaga
FNDA:0,fetchGuidedAuditDataSaga$
FNDA:0,fetchGuidedAuditData
FNDA:0,fetchGuidedAuditData$
FNDA:0,(anonymous_5)
DA:2,0
DA:3,0
DA:4,0
DA:6,0
DA:7,0
DA:10,0
DA:11,0
DA:12,0
DA:14,0
LF:9
LH:0
BRDA:6,0,0,0
BRDA:6,0,1,0
BRDA:6,0,2,0
BRDA:10,1,0,0
BRDA:10,1,1,0
BRDA:10,1,2,0
BRDA:10,1,3,0
BRF:7
BRH:0
end_of_record
TN:
SF:D:\gameStop\gamestop-poc\src\services\sagas\index.js
FN:6,rootSaga
FN:6,rootSaga$
FNF:2
FNH:0
FNDA:0,rootSaga
FNDA:0,rootSaga$
DA:1,0
DA:2,0
DA:6,0
DA:7,0
LF:4
LH:0
BRDA:6,0,0,0
BRDA:6,0,1,0
BRDA:6,0,2,0
BRF:3
BRH:0
end_of_record
